This file contains any messages produced by compilers while
running configure, to aid debugging if configure makes a mistake.

It was created by ntfs-3g configure 2009.4.4, which was
generated by GNU Autoconf 2.61.  Invocation command line was

  $ ./configure --host=mips-linux-uclibc --target=mips-linux-uclibc host_alias=mips-linux-uclibc target_alias=mips-linux-uclibc CC=$(TOOLCHAIN_TOP)/usr/bin/mips-linux-uclibc-gcc CPP=$(TOOLCHAIN_TOP)/usr/bin/mips-linux-uclibc-cpp CXX=$(TOOLCHAIN_TOP)/usr/bin/mips-linux-uclibc-g++ --no-create --no-recursion

## --------- ##
## Platform. ##
## --------- ##

hostname = actiontec-H61MA-D2V
uname -m = x86_64
uname -r = 3.2.0-29-generic
uname -s = Linux
uname -v = #46-Ubuntu SMP Fri Jul 27 17:03:23 UTC 2012

/usr/bin/uname -p = unknown
/bin/uname -X     = unknown

/bin/arch              = unknown
/usr/bin/arch -k       = unknown
/usr/convex/getsysinfo = unknown
/usr/bin/hostinfo      = unknown
/bin/machine           = unknown
/usr/bin/oslevel       = unknown
/bin/universe          = unknown

PATH: /usr/lib/lightdm/lightdm
PATH: /usr/local/sbin
PATH: /usr/local/bin
PATH: /usr/sbin
PATH: /usr/bin
PATH: /sbin
PATH: /bin
PATH: /usr/games


## ----------- ##
## Core tests. ##
## ----------- ##

configure:2041: checking build system type
configure:2059: result: x86_64-unknown-linux-gnu
configure:2081: checking host system type
configure:2096: result: mips-unknown-linux-uclibc
configure:2118: checking target system type
configure:2133: result: mips-unknown-linux-uclibc
configure:2177: checking for a BSD-compatible install
configure:2233: result: /usr/bin/install -c
configure:2244: checking whether build environment is sane
configure:2287: result: yes
configure:2352: checking for gawk
configure:2368: found /usr/bin/gawk
configure:2379: result: gawk
configure:2390: checking whether make sets $(MAKE)
configure:2411: result: yes
configure:2487: checking for mips-linux-uclibc-strip
configure:2514: result: /opt/toolchains/uclibc-crosstools-gcc-4.4.2-1/usr/bin/mips-linux-uclibc-strip
configure:2598: checking whether to enable maintainer-specific portions of Makefiles
configure:2607: result: no
configure:2738: checking for mips-linux-uclibc-gcc
configure:2765: result: $(TOOLCHAIN_TOP)/usr/bin/mips-linux-uclibc-gcc
configure:2845: checking for C compiler version
configure:2852: $(TOOLCHAIN_TOP)/usr/bin/mips-linux-uclibc-gcc --version >&5
./configure: line 2853: $(TOOLCHAIN_TOP)/usr/bin/mips-linux-uclibc-gcc: No such file or directory
configure:2855: $? = 127
configure:2862: $(TOOLCHAIN_TOP)/usr/bin/mips-linux-uclibc-gcc -v >&5
./configure: line 2863: $(TOOLCHAIN_TOP)/usr/bin/mips-linux-uclibc-gcc: No such file or directory
configure:2865: $? = 127
configure:2872: $(TOOLCHAIN_TOP)/usr/bin/mips-linux-uclibc-gcc -V >&5
./configure: line 2873: $(TOOLCHAIN_TOP)/usr/bin/mips-linux-uclibc-gcc: No such file or directory
configure:2875: $? = 127
configure:2898: checking for C compiler default output file name
configure:2925: $(TOOLCHAIN_TOP)/usr/bin/mips-linux-uclibc-gcc    conftest.c  >&5
./configure: line 2926: $(TOOLCHAIN_TOP)/usr/bin/mips-linux-uclibc-gcc: No such file or directory
configure:2928: $? = 127
configure:2966: result: 
configure: failed program was:
| /* confdefs.h.  */
| #define PACKAGE_NAME "ntfs-3g"
| #define PACKAGE_TARNAME "ntfs-3g"
| #define PACKAGE_VERSION "2009.4.4"
| #define PACKAGE_STRING "ntfs-3g 2009.4.4"
| #define PACKAGE_BUGREPORT "ntfs-3g-devel@lists.sf.net"
| #define PACKAGE "ntfs-3g"
| #define VERSION "2009.4.4"
| #define _GNU_SOURCE 1
| /* end confdefs.h.  */
| 
| int
| main ()
| {
| 
|   ;
|   return 0;
| }
configure:2973: error: C compiler cannot create executables
See `config.log' for more details.

## ---------------- ##
## Cache variables. ##
## ---------------- ##

ac_cv_build=x86_64-unknown-linux-gnu
ac_cv_env_CCC_set=
ac_cv_env_CCC_value=
ac_cv_env_CC_set=set
ac_cv_env_CC_value='$(TOOLCHAIN_TOP)/usr/bin/mips-linux-uclibc-gcc'
ac_cv_env_CFLAGS_set=
ac_cv_env_CFLAGS_value=
ac_cv_env_CPPFLAGS_set=
ac_cv_env_CPPFLAGS_value=
ac_cv_env_CPP_set=set
ac_cv_env_CPP_value='$(TOOLCHAIN_TOP)/usr/bin/mips-linux-uclibc-cpp'
ac_cv_env_CXXCPP_set=
ac_cv_env_CXXCPP_value=
ac_cv_env_CXXFLAGS_set=
ac_cv_env_CXXFLAGS_value=
ac_cv_env_CXX_set=set
ac_cv_env_CXX_value='$(TOOLCHAIN_TOP)/usr/bin/mips-linux-uclibc-g++'
ac_cv_env_F77_set=
ac_cv_env_F77_value=
ac_cv_env_FFLAGS_set=
ac_cv_env_FFLAGS_value=
ac_cv_env_FUSE_MODULE_CFLAGS_set=
ac_cv_env_FUSE_MODULE_CFLAGS_value=
ac_cv_env_FUSE_MODULE_LIBS_set=
ac_cv_env_FUSE_MODULE_LIBS_value=
ac_cv_env_LDCONFIG_set=
ac_cv_env_LDCONFIG_value=
ac_cv_env_LDFLAGS_set=
ac_cv_env_LDFLAGS_value=
ac_cv_env_LIBS_set=
ac_cv_env_LIBS_value=
ac_cv_env_PKG_CONFIG_set=
ac_cv_env_PKG_CONFIG_value=
ac_cv_env_build_alias_set=
ac_cv_env_build_alias_value=
ac_cv_env_host_alias_set=set
ac_cv_env_host_alias_value=mips-linux-uclibc
ac_cv_env_target_alias_set=set
ac_cv_env_target_alias_value=mips-linux-uclibc
ac_cv_host=mips-unknown-linux-uclibc
ac_cv_path_install='/usr/bin/install -c'
ac_cv_prog_AWK=gawk
ac_cv_prog_CC='$(TOOLCHAIN_TOP)/usr/bin/mips-linux-uclibc-gcc'
ac_cv_prog_STRIP=/opt/toolchains/uclibc-crosstools-gcc-4.4.2-1/usr/bin/mips-linux-uclibc-strip
ac_cv_prog_make_make_set=yes
ac_cv_target=mips-unknown-linux-uclibc

## ----------------- ##
## Output variables. ##
## ----------------- ##

ACLOCAL='${SHELL} /home/actiontec/elvis/work/gpl_project/GT784WN/gpl/test/userspace/gpl/apps/ntfs-3g/missing --run aclocal-1.9'
AMDEPBACKSLASH=''
AMDEP_FALSE=''
AMDEP_TRUE=''
AMTAR='${SHELL} /home/actiontec/elvis/work/gpl_project/GT784WN/gpl/test/userspace/gpl/apps/ntfs-3g/missing --run tar'
AR='/opt/toolchains/uclibc-crosstools-gcc-4.4.2-1/usr/bin/mips-linux-uclibc-ar'
AUTOCONF='${SHELL} /home/actiontec/elvis/work/gpl_project/GT784WN/gpl/test/userspace/gpl/apps/ntfs-3g/missing --run autoconf'
AUTOHEADER='${SHELL} /home/actiontec/elvis/work/gpl_project/GT784WN/gpl/test/userspace/gpl/apps/ntfs-3g/missing --run autoheader'
AUTOMAKE='${SHELL} /home/actiontec/elvis/work/gpl_project/GT784WN/gpl/test/userspace/gpl/apps/ntfs-3g/missing --run automake-1.9'
AWK='gawk'
CC='$(TOOLCHAIN_TOP)/usr/bin/mips-linux-uclibc-gcc'
CCDEPMODE=''
CFLAGS=''
CPP='$(TOOLCHAIN_TOP)/usr/bin/mips-linux-uclibc-cpp'
CPPFLAGS=''
CXX='$(TOOLCHAIN_TOP)/usr/bin/mips-linux-uclibc-g++'
CXXCPP=''
CXXDEPMODE=''
CXXFLAGS=''
CYGPATH_W='echo'
DEFS=''
DEPDIR=''
ECHO='echo'
ECHO_C=''
ECHO_N='-n'
ECHO_T=''
EGREP=''
ENABLE_MOUNT_HELPER_FALSE=''
ENABLE_MOUNT_HELPER_TRUE=''
EXEEXT=''
F77=''
FFLAGS=''
FUSE_INTERNAL_FALSE=''
FUSE_INTERNAL_TRUE=''
FUSE_MODULE_CFLAGS=''
FUSE_MODULE_LIBS=''
GENERATE_LDSCRIPT_FALSE=''
GENERATE_LDSCRIPT_TRUE=''
GREP=''
INSTALL_DATA='${INSTALL} -m 644'
INSTALL_LIBRARY_FALSE=''
INSTALL_LIBRARY_TRUE=''
INSTALL_PROGRAM='${INSTALL}'
INSTALL_SCRIPT='${INSTALL}'
INSTALL_STRIP_PROGRAM='${SHELL} $(install_sh) -c -s'
LDCONFIG=''
LDFLAGS=''
LIBFUSE_LITE_LIBS=''
LIBNTFS_3G_VERSION='54'
LIBOBJS=''
LIBS=''
LIBTOOL=''
LN_S=''
LTLIBOBJS=''
MAINT='#'
MAINTAINER_MODE_FALSE=''
MAINTAINER_MODE_TRUE='#'
MAKEINFO='${SHELL} /home/actiontec/elvis/work/gpl_project/GT784WN/gpl/test/userspace/gpl/apps/ntfs-3g/missing --run makeinfo'
MKDIR_P=''
MV=''
NTFS_DEVICE_DEFAULT_IO_OPS_FALSE=''
NTFS_DEVICE_DEFAULT_IO_OPS_TRUE=''
OBJEXT=''
OUTPUT_FORMAT=''
PACKAGE='ntfs-3g'
PACKAGE_BUGREPORT='ntfs-3g-devel@lists.sf.net'
PACKAGE_NAME='ntfs-3g'
PACKAGE_STRING='ntfs-3g 2009.4.4'
PACKAGE_TARNAME='ntfs-3g'
PACKAGE_VERSION='2009.4.4'
PATH_SEPARATOR=':'
PKG_CONFIG=''
RANLIB='/opt/toolchains/uclibc-crosstools-gcc-4.4.2-1/usr/bin/mips-linux-uclibc-ranlib'
REALLYSTATIC_FALSE=''
REALLYSTATIC_TRUE=''
RM=''
RUN_LDCONFIG_FALSE=''
RUN_LDCONFIG_TRUE=''
SED=''
SET_MAKE=''
SHELL='/bin/sh'
STRIP='/opt/toolchains/uclibc-crosstools-gcc-4.4.2-1/usr/bin/mips-linux-uclibc-strip'
VERSION='2009.4.4'
WINDOWS_FALSE=''
WINDOWS_TRUE=''
ac_ct_CC=''
ac_ct_CXX=''
ac_ct_F77=''
am__fastdepCC_FALSE=''
am__fastdepCC_TRUE=''
am__fastdepCXX_FALSE=''
am__fastdepCXX_TRUE=''
am__include=''
am__leading_dot='.'
am__quote=''
am__tar='${AMTAR} chof - "$$tardir"'
am__untar='${AMTAR} xf -'
bindir='${exec_prefix}/bin'
build='x86_64-unknown-linux-gnu'
build_alias=''
build_cpu='x86_64'
build_os='linux-gnu'
build_vendor='unknown'
datadir='${datarootdir}'
datarootdir='${prefix}/share'
docdir='${datarootdir}/doc/${PACKAGE_TARNAME}'
dvidir='${docdir}'
exec_prefix='NONE'
host='mips-unknown-linux-uclibc'
host_alias='mips-linux-uclibc'
host_cpu='mips'
host_os='linux-uclibc'
host_vendor='unknown'
htmldir='${docdir}'
includedir='${prefix}/include'
infodir='${datarootdir}/info'
install_sh='/home/actiontec/elvis/work/gpl_project/GT784WN/gpl/test/userspace/gpl/apps/ntfs-3g/install-sh'
libdir='${exec_prefix}/lib'
libexecdir='${exec_prefix}/libexec'
localedir='${datarootdir}/locale'
localstatedir='${prefix}/var'
mandir='${datarootdir}/man'
mkdir_p='mkdir -p --'
ntfs3gincludedir=''
oldincludedir='/usr/include'
pdfdir='${docdir}'
pkgconfigdir=''
prefix='NONE'
program_transform_name='s&^&mips-linux-uclibc-&'
psdir='${docdir}'
rootbindir=''
rootlibdir=''
rootsbindir=''
sbindir='${exec_prefix}/sbin'
sharedstatedir='${prefix}/com'
sysconfdir='${prefix}/etc'
target='mips-unknown-linux-uclibc'
target_alias='mips-linux-uclibc'
target_cpu='mips'
target_os='linux-uclibc'
target_vendor='unknown'

## ----------- ##
## confdefs.h. ##
## ----------- ##

#define PACKAGE_NAME "ntfs-3g"
#define PACKAGE_TARNAME "ntfs-3g"
#define PACKAGE_VERSION "2009.4.4"
#define PACKAGE_STRING "ntfs-3g 2009.4.4"
#define PACKAGE_BUGREPORT "ntfs-3g-devel@lists.sf.net"
#define PACKAGE "ntfs-3g"
#define VERSION "2009.4.4"
#define _GNU_SOURCE 1

configure: exit 77
