This file contains any messages produced by compilers while
running configure, to aid debugging if configure makes a mistake.

It was created by configure, which was
generated by GNU Autoconf 2.59.  Invocation command line was

  $ ./configure --build=i686-pc-linux-gnu --host=mips-linux --target=mips-linux --enable-static --with-kernel-support

## --------- ##
## Platform. ##
## --------- ##

hostname = linux-px98
uname -m = i686
uname -r = 2.6.34-12-desktop
uname -s = Linux
uname -v = #1 SMP PREEMPT 2010-06-29 02:39:08 +0200

/usr/bin/uname -p = unknown
/bin/uname -X     = unknown

/bin/arch              = i686
/usr/bin/arch -k       = unknown
/usr/convex/getsysinfo = unknown
hostinfo               = unknown
/bin/machine           = unknown
/usr/bin/oslevel       = unknown
/bin/universe          = unknown

PATH: /sbin
PATH: /usr/sbin
PATH: /usr/local/sbin
PATH: /root/bin
PATH: /usr/local/bin
PATH: /usr/bin
PATH: /bin
PATH: /usr/bin/X11
PATH: /usr/X11R6/bin
PATH: /usr/games
PATH: /opt/kde3/bin
PATH: /usr/lib/jvm/jre/bin


## ----------- ##
## Core tests. ##
## ----------- ##

configure:1558: checking for a BSD-compatible install
configure:1613: result: /usr/bin/install -c
configure:1624: checking whether build environment is sane
configure:1667: result: yes
configure:1732: checking for gawk
configure:1748: found /usr/bin/gawk
configure:1758: result: gawk
configure:1768: checking whether make sets $(MAKE)
configure:1788: result: yes
configure:1864: checking for mips-linux-strip
configure:1890: result: /opt/toolchains/uclibc-crosstools-gcc-4.4.2-1/usr/bin/mips-linux-uclibc-strip
configure:1971: checking for style of include used by make
configure:1999: result: GNU
configure:2032: checking for mips-linux-gcc
configure:2058: result: /opt/toolchains/uclibc-crosstools-gcc-4.4.2-1/usr/bin/mips-linux-uclibc-gcc
configure:2340: checking for C compiler version
configure:2343: /opt/toolchains/uclibc-crosstools-gcc-4.4.2-1/usr/bin/mips-linux-uclibc-gcc --version </dev/null >&5
mips-linux-uclibc-gcc (Buildroot 2010.02-git) 4.4.2
Copyright (C) 2009 Free Software Foundation, Inc.
This is free software; see the source for copying conditions.  There is NO
warranty; not even for MERCHANTABILITY or FITNESS FOR A PARTICULAR PURPOSE.

configure:2346: $? = 0
configure:2348: /opt/toolchains/uclibc-crosstools-gcc-4.4.2-1/usr/bin/mips-linux-uclibc-gcc -v </dev/null >&5
Using built-in specs.
Target: mips-linux-uclibc
Configured with: /shared/myviews/toolchain/buildroot-4.4.2-1/output/toolchain/gcc-4.4.2/configure --prefix=/usr --build=i386-pc-linux-gnu --host=i386-pc-linux-gnu --target=mips-linux-uclibc --enable-languages=c,c++ --with-sysroot=/opt/toolchains/uclibc-crosstools-gcc-4.4.2-1 --with-build-time-tools=/opt/toolchains/uclibc-crosstools-gcc-4.4.2-1/usr/mips-linux-uclibc/bin --disable-__cxa_atexit --enable-target-optspace --with-gnu-ld --disable-libssp --disable-tls --enable-shared --with-gmp=/shared/myviews/toolchain/buildroot-4.4.2-1/output/toolchain/gmp --with-mpfr=/shared/myviews/toolchain/buildroot-4.4.2-1/output/toolchain/mpfr --disable-nls --enable-threads --disable-multilib --disable-decimal-float --with-float=soft --with-abi=32 --with-tune=mips32 --with-arch=mips32 --with-pkgversion='Buildroot 2010.02-git' --with-bugurl=http://bugs.buildroot.net/
Thread model: posix
gcc version 4.4.2 (Buildroot 2010.02-git) 
configure:2351: $? = 0
configure:2353: /opt/toolchains/uclibc-crosstools-gcc-4.4.2-1/usr/bin/mips-linux-uclibc-gcc -V </dev/null >&5
mips-linux-uclibc-gcc: '-V' option must have argument
configure:2356: $? = 1
configure:2379: checking for C compiler default output file name
configure:2382: /opt/toolchains/uclibc-crosstools-gcc-4.4.2-1/usr/bin/mips-linux-uclibc-gcc    conftest.c  >&5
configure:2385: $? = 0
configure:2431: result: a.out
configure:2436: checking whether the C compiler works
configure:2462: result: yes
configure:2469: checking whether we are cross compiling
configure:2471: result: yes
configure:2474: checking for suffix of executables
configure:2476: /opt/toolchains/uclibc-crosstools-gcc-4.4.2-1/usr/bin/mips-linux-uclibc-gcc -o conftest    conftest.c  >&5
configure:2479: $? = 0
configure:2504: result: 
configure:2510: checking for suffix of object files
configure:2531: /opt/toolchains/uclibc-crosstools-gcc-4.4.2-1/usr/bin/mips-linux-uclibc-gcc -c   conftest.c >&5
configure:2534: $? = 0
configure:2556: result: o
configure:2560: checking whether we are using the GNU C compiler
configure:2584: /opt/toolchains/uclibc-crosstools-gcc-4.4.2-1/usr/bin/mips-linux-uclibc-gcc -c   conftest.c >&5
configure:2590: $? = 0
configure:2594: test -z 
			 || test ! -s conftest.err
configure:2597: $? = 0
configure:2600: test -s conftest.o
configure:2603: $? = 0
configure:2616: result: yes
configure:2622: checking whether /opt/toolchains/uclibc-crosstools-gcc-4.4.2-1/usr/bin/mips-linux-uclibc-gcc accepts -g
configure:2643: /opt/toolchains/uclibc-crosstools-gcc-4.4.2-1/usr/bin/mips-linux-uclibc-gcc -c -g  conftest.c >&5
configure:2649: $? = 0
configure:2653: test -z 
			 || test ! -s conftest.err
configure:2656: $? = 0
configure:2659: test -s conftest.o
configure:2662: $? = 0
configure:2673: result: yes
configure:2690: checking for /opt/toolchains/uclibc-crosstools-gcc-4.4.2-1/usr/bin/mips-linux-uclibc-gcc option to accept ANSI C
configure:2760: /opt/toolchains/uclibc-crosstools-gcc-4.4.2-1/usr/bin/mips-linux-uclibc-gcc  -c -g -O2  conftest.c >&5
configure:2766: $? = 0
configure:2770: test -z 
			 || test ! -s conftest.err
configure:2773: $? = 0
configure:2776: test -s conftest.o
configure:2779: $? = 0
configure:2797: result: none needed
configure:2815: /opt/toolchains/uclibc-crosstools-gcc-4.4.2-1/usr/bin/mips-linux-uclibc-gcc -c -g -O2  conftest.c >&5
conftest.c:2: error: expected '=', ',', ';', 'asm' or '__attribute__' before 'me'
configure:2821: $? = 1
configure: failed program was:
| #ifndef __cplusplus
|   choke me
| #endif
configure:2956: checking dependency style of /opt/toolchains/uclibc-crosstools-gcc-4.4.2-1/usr/bin/mips-linux-uclibc-gcc
configure:3046: result: gcc3
configure:3064: checking whether basename is declared
configure:3089: /opt/toolchains/uclibc-crosstools-gcc-4.4.2-1/usr/bin/mips-linux-uclibc-gcc -c -g -O2  conftest.c >&5
configure:3095: $? = 0
configure:3099: test -z 
			 || test ! -s conftest.err
configure:3102: $? = 0
configure:3105: test -s conftest.o
configure:3108: $? = 0
configure:3119: result: yes
configure:3140: checking for mips-linux-ranlib
configure:3166: result: /opt/toolchains/uclibc-crosstools-gcc-4.4.2-1/usr/bin/mips-linux-uclibc-ranlib
configure:3295: checking build system type
configure:3313: result: i686-pc-linux-gnu
configure:3321: checking host system type
configure:3335: result: mips-unknown-linux-gnu
configure:3343: checking for a sed that does not truncate output
configure:3397: result: /usr/bin/sed
configure:3400: checking for egrep
configure:3410: result: grep -E
configure:3426: checking for ld used by /opt/toolchains/uclibc-crosstools-gcc-4.4.2-1/usr/bin/mips-linux-uclibc-gcc
configure:3493: result: /opt/toolchains/uclibc-crosstools-gcc-4.4.2-1/usr/bin/mips-linux-uclibc-ld
configure:3502: checking if the linker (/opt/toolchains/uclibc-crosstools-gcc-4.4.2-1/usr/bin/mips-linux-uclibc-ld) is GNU ld
configure:3517: result: yes
configure:3522: checking for /opt/toolchains/uclibc-crosstools-gcc-4.4.2-1/usr/bin/mips-linux-uclibc-ld option to reload object files
configure:3529: result: -r
configure:3547: checking for BSD-compatible nm
configure:3596: result: /opt/toolchains/uclibc-crosstools-gcc-4.4.2-1/usr/bin/mips-linux-uclibc-nm
configure:3600: checking whether ln -s works
configure:3604: result: yes
configure:3611: checking how to recognise dependent libraries
configure:3787: result: pass_all
configure:4023: checking how to run the C preprocessor
configure:4141: result: /opt/toolchains/uclibc-crosstools-gcc-4.4.2-1/usr/bin/mips-linux-uclibc-cpp
configure:4165: /opt/toolchains/uclibc-crosstools-gcc-4.4.2-1/usr/bin/mips-linux-uclibc-cpp  conftest.c
configure:4171: $? = 0
configure:4203: /opt/toolchains/uclibc-crosstools-gcc-4.4.2-1/usr/bin/mips-linux-uclibc-cpp  conftest.c
conftest.c:12:28: error: ac_nonexistent.h: No such file or directory
configure:4209: $? = 1
configure: failed program was:
| /* confdefs.h.  */
| 
| #define PACKAGE_NAME ""
| #define PACKAGE_TARNAME ""
| #define PACKAGE_VERSION ""
| #define PACKAGE_STRING ""
| #define PACKAGE_BUGREPORT ""
| #define PACKAGE "oprofile"
| #define VERSION "0.9.6"
| #define HAVE_DECL_BASENAME 1
| /* end confdefs.h.  */
| #include <ac_nonexistent.h>
configure:4253: checking for ANSI C header files
configure:4278: /opt/toolchains/uclibc-crosstools-gcc-4.4.2-1/usr/bin/mips-linux-uclibc-gcc -c -g -O2  conftest.c >&5
configure:4284: $? = 0
configure:4288: test -z 
			 || test ! -s conftest.err
configure:4291: $? = 0
configure:4294: test -s conftest.o
configure:4297: $? = 0
configure:4409: result: yes
configure:4433: checking for sys/types.h
configure:4449: /opt/toolchains/uclibc-crosstools-gcc-4.4.2-1/usr/bin/mips-linux-uclibc-gcc -c -g -O2  conftest.c >&5
configure:4455: $? = 0
configure:4459: test -z 
			 || test ! -s conftest.err
configure:4462: $? = 0
configure:4465: test -s conftest.o
configure:4468: $? = 0
configure:4479: result: yes
configure:4433: checking for sys/stat.h
configure:4449: /opt/toolchains/uclibc-crosstools-gcc-4.4.2-1/usr/bin/mips-linux-uclibc-gcc -c -g -O2  conftest.c >&5
configure:4455: $? = 0
configure:4459: test -z 
			 || test ! -s conftest.err
configure:4462: $? = 0
configure:4465: test -s conftest.o
configure:4468: $? = 0
configure:4479: result: yes
configure:4433: checking for stdlib.h
configure:4449: /opt/toolchains/uclibc-crosstools-gcc-4.4.2-1/usr/bin/mips-linux-uclibc-gcc -c -g -O2  conftest.c >&5
configure:4455: $? = 0
configure:4459: test -z 
			 || test ! -s conftest.err
configure:4462: $? = 0
configure:4465: test -s conftest.o
configure:4468: $? = 0
configure:4479: result: yes
configure:4433: checking for string.h
configure:4449: /opt/toolchains/uclibc-crosstools-gcc-4.4.2-1/usr/bin/mips-linux-uclibc-gcc -c -g -O2  conftest.c >&5
configure:4455: $? = 0
configure:4459: test -z 
			 || test ! -s conftest.err
configure:4462: $? = 0
configure:4465: test -s conftest.o
configure:4468: $? = 0
configure:4479: result: yes
configure:4433: checking for memory.h
configure:4449: /opt/toolchains/uclibc-crosstools-gcc-4.4.2-1/usr/bin/mips-linux-uclibc-gcc -c -g -O2  conftest.c >&5
configure:4455: $? = 0
configure:4459: test -z 
			 || test ! -s conftest.err
configure:4462: $? = 0
configure:4465: test -s conftest.o
configure:4468: $? = 0
configure:4479: result: yes
configure:4433: checking for strings.h
configure:4449: /opt/toolchains/uclibc-crosstools-gcc-4.4.2-1/usr/bin/mips-linux-uclibc-gcc -c -g -O2  conftest.c >&5
configure:4455: $? = 0
configure:4459: test -z 
			 || test ! -s conftest.err
configure:4462: $? = 0
configure:4465: test -s conftest.o
configure:4468: $? = 0
configure:4479: result: yes
configure:4433: checking for inttypes.h
configure:4449: /opt/toolchains/uclibc-crosstools-gcc-4.4.2-1/usr/bin/mips-linux-uclibc-gcc -c -g -O2  conftest.c >&5
configure:4455: $? = 0
configure:4459: test -z 
			 || test ! -s conftest.err
configure:4462: $? = 0
configure:4465: test -s conftest.o
configure:4468: $? = 0
configure:4479: result: yes
configure:4433: checking for stdint.h
configure:4449: /opt/toolchains/uclibc-crosstools-gcc-4.4.2-1/usr/bin/mips-linux-uclibc-gcc -c -g -O2  conftest.c >&5
configure:4455: $? = 0
configure:4459: test -z 
			 || test ! -s conftest.err
configure:4462: $? = 0
configure:4465: test -s conftest.o
configure:4468: $? = 0
configure:4479: result: yes
configure:4433: checking for unistd.h
configure:4449: /opt/toolchains/uclibc-crosstools-gcc-4.4.2-1/usr/bin/mips-linux-uclibc-gcc -c -g -O2  conftest.c >&5
configure:4455: $? = 0
configure:4459: test -z 
			 || test ! -s conftest.err
configure:4462: $? = 0
configure:4465: test -s conftest.o
configure:4468: $? = 0
configure:4479: result: yes
configure:4505: checking dlfcn.h usability
configure:4517: /opt/toolchains/uclibc-crosstools-gcc-4.4.2-1/usr/bin/mips-linux-uclibc-gcc -c -g -O2  conftest.c >&5
configure:4523: $? = 0
configure:4527: test -z 
			 || test ! -s conftest.err
configure:4530: $? = 0
configure:4533: test -s conftest.o
configure:4536: $? = 0
configure:4546: result: yes
configure:4550: checking dlfcn.h presence
configure:4560: /opt/toolchains/uclibc-crosstools-gcc-4.4.2-1/usr/bin/mips-linux-uclibc-cpp  conftest.c
configure:4566: $? = 0
configure:4586: result: yes
configure:4621: checking for dlfcn.h
configure:4628: result: yes
configure:4651: checking for mips-linux-g++
configure:4677: result: /opt/toolchains/uclibc-crosstools-gcc-4.4.2-1/usr/bin/mips-linux-uclibc-g++
configure:4735: checking for C++ compiler version
configure:4738: /opt/toolchains/uclibc-crosstools-gcc-4.4.2-1/usr/bin/mips-linux-uclibc-g++ --version </dev/null >&5
mips-linux-uclibc-g++ (Buildroot 2010.02-git) 4.4.2
Copyright (C) 2009 Free Software Foundation, Inc.
This is free software; see the source for copying conditions.  There is NO
warranty; not even for MERCHANTABILITY or FITNESS FOR A PARTICULAR PURPOSE.

configure:4741: $? = 0
configure:4743: /opt/toolchains/uclibc-crosstools-gcc-4.4.2-1/usr/bin/mips-linux-uclibc-g++ -v </dev/null >&5
Using built-in specs.
Target: mips-linux-uclibc
Configured with: /shared/myviews/toolchain/buildroot-4.4.2-1/output/toolchain/gcc-4.4.2/configure --prefix=/usr --build=i386-pc-linux-gnu --host=i386-pc-linux-gnu --target=mips-linux-uclibc --enable-languages=c,c++ --with-sysroot=/opt/toolchains/uclibc-crosstools-gcc-4.4.2-1 --with-build-time-tools=/opt/toolchains/uclibc-crosstools-gcc-4.4.2-1/usr/mips-linux-uclibc/bin --disable-__cxa_atexit --enable-target-optspace --with-gnu-ld --disable-libssp --disable-tls --enable-shared --with-gmp=/shared/myviews/toolchain/buildroot-4.4.2-1/output/toolchain/gmp --with-mpfr=/shared/myviews/toolchain/buildroot-4.4.2-1/output/toolchain/mpfr --disable-nls --enable-threads --disable-multilib --disable-decimal-float --with-float=soft --with-abi=32 --with-tune=mips32 --with-arch=mips32 --with-pkgversion='Buildroot 2010.02-git' --with-bugurl=http://bugs.buildroot.net/
Thread model: posix
gcc version 4.4.2 (Buildroot 2010.02-git) 
configure:4746: $? = 0
configure:4748: /opt/toolchains/uclibc-crosstools-gcc-4.4.2-1/usr/bin/mips-linux-uclibc-g++ -V </dev/null >&5
mips-linux-uclibc-g++: '-V' option must have argument
configure:4751: $? = 1
configure:4754: checking whether we are using the GNU C++ compiler
configure:4778: /opt/toolchains/uclibc-crosstools-gcc-4.4.2-1/usr/bin/mips-linux-uclibc-g++ -c   conftest.cc >&5
configure:4784: $? = 0
configure:4788: test -z 
			 || test ! -s conftest.err
configure:4791: $? = 0
configure:4794: test -s conftest.o
configure:4797: $? = 0
configure:4810: result: yes
configure:4816: checking whether /opt/toolchains/uclibc-crosstools-gcc-4.4.2-1/usr/bin/mips-linux-uclibc-g++ accepts -g
configure:4837: /opt/toolchains/uclibc-crosstools-gcc-4.4.2-1/usr/bin/mips-linux-uclibc-g++ -c -g  conftest.cc >&5
configure:4843: $? = 0
configure:4847: test -z 
			 || test ! -s conftest.err
configure:4850: $? = 0
configure:4853: test -s conftest.o
configure:4856: $? = 0
configure:4867: result: yes
configure:4909: /opt/toolchains/uclibc-crosstools-gcc-4.4.2-1/usr/bin/mips-linux-uclibc-g++ -c -g -O2  conftest.cc >&5
configure:4915: $? = 0
configure:4919: test -z 
			 || test ! -s conftest.err
configure:4922: $? = 0
configure:4925: test -s conftest.o
configure:4928: $? = 0
configure:4954: /opt/toolchains/uclibc-crosstools-gcc-4.4.2-1/usr/bin/mips-linux-uclibc-g++ -c -g -O2  conftest.cc >&5
conftest.cc: In function 'int main()':
conftest.cc:27: error: 'exit' was not declared in this scope
configure:4960: $? = 1
configure: failed program was:
| /* confdefs.h.  */
| 
| #define PACKAGE_NAME ""
| #define PACKAGE_TARNAME ""
| #define PACKAGE_VERSION ""
| #define PACKAGE_STRING ""
| #define PACKAGE_BUGREPORT ""
| #define PACKAGE "oprofile"
| #define VERSION "0.9.6"
| #define HAVE_DECL_BASENAME 1
| #define STDC_HEADERS 1
| #define HAVE_SYS_TYPES_H 1
| #define HAVE_SYS_STAT_H 1
| #define HAVE_STDLIB_H 1
| #define HAVE_STRING_H 1
| #define HAVE_MEMORY_H 1
| #define HAVE_STRINGS_H 1
| #define HAVE_INTTYPES_H 1
| #define HAVE_STDINT_H 1
| #define HAVE_UNISTD_H 1
| #define HAVE_DLFCN_H 1
| /* end confdefs.h.  */
| 
| int
| main ()
| {
| exit (42);
|   ;
|   return 0;
| }
configure:4909: /opt/toolchains/uclibc-crosstools-gcc-4.4.2-1/usr/bin/mips-linux-uclibc-g++ -c -g -O2  conftest.cc >&5
conftest.cc:23: error: 'void std::exit(int)' should have been declared inside 'std'
configure:4915: $? = 1
configure: failed program was:
| /* confdefs.h.  */
| 
| #define PACKAGE_NAME ""
| #define PACKAGE_TARNAME ""
| #define PACKAGE_VERSION ""
| #define PACKAGE_STRING ""
| #define PACKAGE_BUGREPORT ""
| #define PACKAGE "oprofile"
| #define VERSION "0.9.6"
| #define HAVE_DECL_BASENAME 1
| #define STDC_HEADERS 1
| #define HAVE_SYS_TYPES_H 1
| #define HAVE_SYS_STAT_H 1
| #define HAVE_STDLIB_H 1
| #define HAVE_STRING_H 1
| #define HAVE_MEMORY_H 1
| #define HAVE_STRINGS_H 1
| #define HAVE_INTTYPES_H 1
| #define HAVE_STDINT_H 1
| #define HAVE_UNISTD_H 1
| #define HAVE_DLFCN_H 1
| /* end confdefs.h.  */
| extern "C" void std::exit (int) throw (); using std::exit;
| #include <stdlib.h>
| int
| main ()
| {
| exit (42);
|   ;
|   return 0;
| }
configure:4909: /opt/toolchains/uclibc-crosstools-gcc-4.4.2-1/usr/bin/mips-linux-uclibc-g++ -c -g -O2  conftest.cc >&5
conftest.cc:23: error: 'void std::exit(int)' should have been declared inside 'std'
In file included from conftest.cc:24:
/opt/toolchains/uclibc-crosstools-gcc-4.4.2-1/usr/include/stdlib.h:518: error: declaration of 'void std::exit(int) throw ()' throws different exceptions
conftest.cc:23: error: from previous declaration 'void std::exit(int)'
configure:4915: $? = 1
configure: failed program was:
| /* confdefs.h.  */
| 
| #define PACKAGE_NAME ""
| #define PACKAGE_TARNAME ""
| #define PACKAGE_VERSION ""
| #define PACKAGE_STRING ""
| #define PACKAGE_BUGREPORT ""
| #define PACKAGE "oprofile"
| #define VERSION "0.9.6"
| #define HAVE_DECL_BASENAME 1
| #define STDC_HEADERS 1
| #define HAVE_SYS_TYPES_H 1
| #define HAVE_SYS_STAT_H 1
| #define HAVE_STDLIB_H 1
| #define HAVE_STRING_H 1
| #define HAVE_MEMORY_H 1
| #define HAVE_STRINGS_H 1
| #define HAVE_INTTYPES_H 1
| #define HAVE_STDINT_H 1
| #define HAVE_UNISTD_H 1
| #define HAVE_DLFCN_H 1
| /* end confdefs.h.  */
| extern "C" void std::exit (int); using std::exit;
| #include <stdlib.h>
| int
| main ()
| {
| exit (42);
|   ;
|   return 0;
| }
configure:4909: /opt/toolchains/uclibc-crosstools-gcc-4.4.2-1/usr/bin/mips-linux-uclibc-g++ -c -g -O2  conftest.cc >&5
configure:4915: $? = 0
configure:4919: test -z 
			 || test ! -s conftest.err
configure:4922: $? = 0
configure:4925: test -s conftest.o
configure:4928: $? = 0
configure:4954: /opt/toolchains/uclibc-crosstools-gcc-4.4.2-1/usr/bin/mips-linux-uclibc-g++ -c -g -O2  conftest.cc >&5
configure:4960: $? = 0
configure:4964: test -z 
			 || test ! -s conftest.err
configure:4967: $? = 0
configure:4970: test -s conftest.o
configure:4973: $? = 0
configure:4998: checking dependency style of /opt/toolchains/uclibc-crosstools-gcc-4.4.2-1/usr/bin/mips-linux-uclibc-g++
configure:5088: result: gcc3
configure:5115: checking how to run the C++ preprocessor
configure:5146: /opt/toolchains/uclibc-crosstools-gcc-4.4.2-1/usr/bin/mips-linux-uclibc-g++ -E  conftest.cc
configure:5152: $? = 0
configure:5184: /opt/toolchains/uclibc-crosstools-gcc-4.4.2-1/usr/bin/mips-linux-uclibc-g++ -E  conftest.cc
conftest.cc:26:28: error: ac_nonexistent.h: No such file or directory
configure:5190: $? = 1
configure: failed program was:
| /* confdefs.h.  */
| 
| #define PACKAGE_NAME ""
| #define PACKAGE_TARNAME ""
| #define PACKAGE_VERSION ""
| #define PACKAGE_STRING ""
| #define PACKAGE_BUGREPORT ""
| #define PACKAGE "oprofile"
| #define VERSION "0.9.6"
| #define HAVE_DECL_BASENAME 1
| #define STDC_HEADERS 1
| #define HAVE_SYS_TYPES_H 1
| #define HAVE_SYS_STAT_H 1
| #define HAVE_STDLIB_H 1
| #define HAVE_STRING_H 1
| #define HAVE_MEMORY_H 1
| #define HAVE_STRINGS_H 1
| #define HAVE_INTTYPES_H 1
| #define HAVE_STDINT_H 1
| #define HAVE_UNISTD_H 1
| #define HAVE_DLFCN_H 1
| #ifdef __cplusplus
| extern "C" void exit (int) throw ();
| #endif
| /* end confdefs.h.  */
| #include <ac_nonexistent.h>
configure:5229: result: /opt/toolchains/uclibc-crosstools-gcc-4.4.2-1/usr/bin/mips-linux-uclibc-g++ -E
configure:5253: /opt/toolchains/uclibc-crosstools-gcc-4.4.2-1/usr/bin/mips-linux-uclibc-g++ -E  conftest.cc
configure:5259: $? = 0
configure:5291: /opt/toolchains/uclibc-crosstools-gcc-4.4.2-1/usr/bin/mips-linux-uclibc-g++ -E  conftest.cc
conftest.cc:26:28: error: ac_nonexistent.h: No such file or directory
configure:5297: $? = 1
configure: failed program was:
| /* confdefs.h.  */
| 
| #define PACKAGE_NAME ""
| #define PACKAGE_TARNAME ""
| #define PACKAGE_VERSION ""
| #define PACKAGE_STRING ""
| #define PACKAGE_BUGREPORT ""
| #define PACKAGE "oprofile"
| #define VERSION "0.9.6"
| #define HAVE_DECL_BASENAME 1
| #define STDC_HEADERS 1
| #define HAVE_SYS_TYPES_H 1
| #define HAVE_SYS_STAT_H 1
| #define HAVE_STDLIB_H 1
| #define HAVE_STRING_H 1
| #define HAVE_MEMORY_H 1
| #define HAVE_STRINGS_H 1
| #define HAVE_INTTYPES_H 1
| #define HAVE_STDINT_H 1
| #define HAVE_UNISTD_H 1
| #define HAVE_DLFCN_H 1
| #ifdef __cplusplus
| extern "C" void exit (int) throw ();
| #endif
| /* end confdefs.h.  */
| #include <ac_nonexistent.h>
configure:5352: checking for mips-linux-g77
configure:5381: result: no
configure:5352: checking for mips-linux-f77
configure:5381: result: no
configure:5352: checking for mips-linux-xlf
configure:5381: result: no
configure:5352: checking for mips-linux-frt
configure:5381: result: no
configure:5352: checking for mips-linux-pgf77
configure:5381: result: no
configure:5352: checking for mips-linux-fort77
configure:5381: result: no
configure:5352: checking for mips-linux-fl32
configure:5381: result: no
configure:5352: checking for mips-linux-af77
configure:5381: result: no
configure:5352: checking for mips-linux-f90
configure:5381: result: no
configure:5352: checking for mips-linux-xlf90
configure:5381: result: no
configure:5352: checking for mips-linux-pgf90
configure:5381: result: no
configure:5352: checking for mips-linux-epcf90
configure:5381: result: no
configure:5352: checking for mips-linux-f95
configure:5381: result: no
configure:5352: checking for mips-linux-fort
configure:5381: result: no
configure:5352: checking for mips-linux-xlf95
configure:5381: result: no
configure:5352: checking for mips-linux-ifc
configure:5381: result: no
configure:5352: checking for mips-linux-efc
configure:5381: result: no
configure:5352: checking for mips-linux-pgf95
configure:5381: result: no
configure:5352: checking for mips-linux-lf95
configure:5381: result: no
configure:5352: checking for mips-linux-gfortran
configure:5381: result: no
configure:5394: checking for g77
configure:5423: result: no
configure:5394: checking for f77
configure:5423: result: no
configure:5394: checking for xlf
configure:5423: result: no
configure:5394: checking for frt
configure:5423: result: no
configure:5394: checking for pgf77
configure:5423: result: no
configure:5394: checking for fort77
configure:5423: result: no
configure:5394: checking for fl32
configure:5423: result: no
configure:5394: checking for af77
configure:5423: result: no
configure:5394: checking for f90
configure:5423: result: no
configure:5394: checking for xlf90
configure:5423: result: no
configure:5394: checking for pgf90
configure:5423: result: no
configure:5394: checking for epcf90
configure:5423: result: no
configure:5394: checking for f95
configure:5423: result: no
configure:5394: checking for fort
configure:5423: result: no
configure:5394: checking for xlf95
configure:5423: result: no
configure:5394: checking for ifc
configure:5423: result: no
configure:5394: checking for efc
configure:5423: result: no
configure:5394: checking for pgf95
configure:5423: result: no
configure:5394: checking for lf95
configure:5423: result: no
configure:5394: checking for gfortran
configure:5423: result: no
configure:5435: checking for Fortran 77 compiler version
configure:5438:  --version </dev/null >&5
./configure: line 5439: --version: command not found
configure:5441: $? = 127
configure:5443:  -v </dev/null >&5
./configure: line 5444: -v: command not found
configure:5446: $? = 127
configure:5448:  -V </dev/null >&5
./configure: line 5449: -V: command not found
configure:5451: $? = 127
configure:5459: checking whether we are using the GNU Fortran 77 compiler
configure:5473:  -c  conftest.F >&5
./configure: line 5474: -c: command not found
configure:5479: $? = 127
configure: failed program was:
|       program main
| #ifndef __GNUC__
|        choke me
| #endif
| 
|       end
configure:5505: result: no
configure:5511: checking whether  accepts -g
configure:5523:  -c -g conftest.f >&5
./configure: line 5524: -c: command not found
configure:5529: $? = 127
configure: failed program was:
|       program main
| 
|       end
configure:5554: result: no
configure:5584: checking the maximum length of command line arguments
configure:5693: result: 32768
configure:5704: checking command to parse /opt/toolchains/uclibc-crosstools-gcc-4.4.2-1/usr/bin/mips-linux-uclibc-nm output from /opt/toolchains/uclibc-crosstools-gcc-4.4.2-1/usr/bin/mips-linux-uclibc-gcc object
configure:5809: /opt/toolchains/uclibc-crosstools-gcc-4.4.2-1/usr/bin/mips-linux-uclibc-gcc -c -g -O2  conftest.c >&5
configure:5812: $? = 0
configure:5816: /opt/toolchains/uclibc-crosstools-gcc-4.4.2-1/usr/bin/mips-linux-uclibc-nm conftest.o \| sed -n -e 's/^.*[ 	]\([ABCDGIRSTW][ABCDGIRSTW]*\)[ 	][ 	]*\([_A-Za-z][_A-Za-z0-9]*\)$/\1 \2 \2/p' \> conftest.nm
configure:5819: $? = 0
configure:5871: /opt/toolchains/uclibc-crosstools-gcc-4.4.2-1/usr/bin/mips-linux-uclibc-gcc -o conftest -g -O2   conftest.c conftstm.o >&5
configure:5874: $? = 0
configure:5912: result: ok
configure:5916: checking for objdir
configure:5931: result: .libs
configure:5983: checking for mips-linux-ar
configure:6009: result: /opt/toolchains/uclibc-crosstools-gcc-4.4.2-1/usr/bin/mips-linux-uclibc-ar
configure:6063: checking for mips-linux-ranlib
configure:6089: result: /opt/toolchains/uclibc-crosstools-gcc-4.4.2-1/usr/bin/mips-linux-uclibc-ranlib
configure:6143: checking for mips-linux-strip
configure:6169: result: /opt/toolchains/uclibc-crosstools-gcc-4.4.2-1/usr/bin/mips-linux-uclibc-strip
configure:6480: checking if /opt/toolchains/uclibc-crosstools-gcc-4.4.2-1/usr/bin/mips-linux-uclibc-gcc supports -fno-rtti -fno-exceptions
configure:6498: /opt/toolchains/uclibc-crosstools-gcc-4.4.2-1/usr/bin/mips-linux-uclibc-gcc -c -g -O2  -fno-rtti -fno-exceptions conftest.c >&5
cc1: warning: command line option "-fno-rtti" is valid for C++/ObjC++ but not for C
configure:6502: $? = 0
configure:6515: result: no
configure:6530: checking for /opt/toolchains/uclibc-crosstools-gcc-4.4.2-1/usr/bin/mips-linux-uclibc-gcc option to produce PIC
configure:6740: result: -fPIC
configure:6748: checking if /opt/toolchains/uclibc-crosstools-gcc-4.4.2-1/usr/bin/mips-linux-uclibc-gcc PIC flag -fPIC works
configure:6766: /opt/toolchains/uclibc-crosstools-gcc-4.4.2-1/usr/bin/mips-linux-uclibc-gcc -c -g -O2  -fPIC -DPIC conftest.c >&5
configure:6770: $? = 0
configure:6783: result: yes
configure:6811: checking if /opt/toolchains/uclibc-crosstools-gcc-4.4.2-1/usr/bin/mips-linux-uclibc-gcc static flag -static works
configure:6839: result: yes
configure:6849: checking if /opt/toolchains/uclibc-crosstools-gcc-4.4.2-1/usr/bin/mips-linux-uclibc-gcc supports -c -o file.o
configure:6870: /opt/toolchains/uclibc-crosstools-gcc-4.4.2-1/usr/bin/mips-linux-uclibc-gcc -c -g -O2  -o out/conftest2.o conftest.c >&5
configure:6874: $? = 0
configure:6896: result: yes
configure:6922: checking whether the /opt/toolchains/uclibc-crosstools-gcc-4.4.2-1/usr/bin/mips-linux-uclibc-gcc linker (/opt/toolchains/uclibc-crosstools-gcc-4.4.2-1/usr/bin/mips-linux-uclibc-ld) supports shared libraries
configure:7880: result: yes
configure:7901: checking whether -lc should be explicitly linked in
configure:7906: /opt/toolchains/uclibc-crosstools-gcc-4.4.2-1/usr/bin/mips-linux-uclibc-gcc -c -g -O2  conftest.c >&5
configure:7909: $? = 0
configure:7924: /opt/toolchains/uclibc-crosstools-gcc-4.4.2-1/usr/bin/mips-linux-uclibc-gcc -shared conftest.o  -v -Wl,-soname -Wl,conftest -o conftest 2\>\&1 \| grep  -lc  \>/dev/null 2\>\&1
configure:7927: $? = 0
configure:7939: result: no
configure:7947: checking dynamic linker characteristics
configure:8535: result: GNU/Linux ld.so
configure:8544: checking how to hardcode library paths into programs
configure:8569: result: immediate
configure:8583: checking whether stripping libraries is possible
configure:8588: result: yes
configure:9422: checking if libtool supports shared libraries
configure:9424: result: yes
configure:9427: checking whether to build shared libraries
configure:9448: result: yes
configure:9451: checking whether to build static libraries
configure:9455: result: yes
configure:9547: creating libtool
configure:10135: checking for ld used by /opt/toolchains/uclibc-crosstools-gcc-4.4.2-1/usr/bin/mips-linux-uclibc-g++
configure:10202: result: /opt/toolchains/uclibc-crosstools-gcc-4.4.2-1/usr/bin/mips-linux-uclibc-ld
configure:10211: checking if the linker (/opt/toolchains/uclibc-crosstools-gcc-4.4.2-1/usr/bin/mips-linux-uclibc-ld) is GNU ld
configure:10226: result: yes
configure:10277: checking whether the /opt/toolchains/uclibc-crosstools-gcc-4.4.2-1/usr/bin/mips-linux-uclibc-g++ linker (/opt/toolchains/uclibc-crosstools-gcc-4.4.2-1/usr/bin/mips-linux-uclibc-ld) supports shared libraries
configure:11215: result: yes
configure:11233: /opt/toolchains/uclibc-crosstools-gcc-4.4.2-1/usr/bin/mips-linux-uclibc-g++ -c -g -O2  conftest.cpp >&5
configure:11236: $? = 0
configure:11355: checking for /opt/toolchains/uclibc-crosstools-gcc-4.4.2-1/usr/bin/mips-linux-uclibc-g++ option to produce PIC
configure:11629: result: -fPIC
configure:11637: checking if /opt/toolchains/uclibc-crosstools-gcc-4.4.2-1/usr/bin/mips-linux-uclibc-g++ PIC flag -fPIC works
configure:11655: /opt/toolchains/uclibc-crosstools-gcc-4.4.2-1/usr/bin/mips-linux-uclibc-g++ -c -g -O2  -fPIC -DPIC conftest.cpp >&5
configure:11659: $? = 0
configure:11672: result: yes
configure:11700: checking if /opt/toolchains/uclibc-crosstools-gcc-4.4.2-1/usr/bin/mips-linux-uclibc-g++ static flag -static works
configure:11728: result: yes
configure:11738: checking if /opt/toolchains/uclibc-crosstools-gcc-4.4.2-1/usr/bin/mips-linux-uclibc-g++ supports -c -o file.o
configure:11759: /opt/toolchains/uclibc-crosstools-gcc-4.4.2-1/usr/bin/mips-linux-uclibc-g++ -c -g -O2  -o out/conftest2.o conftest.cpp >&5
configure:11763: $? = 0
configure:11785: result: yes
configure:11811: checking whether the /opt/toolchains/uclibc-crosstools-gcc-4.4.2-1/usr/bin/mips-linux-uclibc-g++ linker (/opt/toolchains/uclibc-crosstools-gcc-4.4.2-1/usr/bin/mips-linux-uclibc-ld) supports shared libraries
configure:11836: result: yes
configure:11903: checking dynamic linker characteristics
configure:12491: result: GNU/Linux ld.so
configure:12500: checking how to hardcode library paths into programs
configure:12525: result: immediate
configure:18734: checking for mips-linux-gcc
configure:18760: result: /opt/toolchains/uclibc-crosstools-gcc-4.4.2-1/usr/bin/mips-linux-uclibc-gcc
configure:19042: checking for C compiler version
configure:19045: /opt/toolchains/uclibc-crosstools-gcc-4.4.2-1/usr/bin/mips-linux-uclibc-gcc --version </dev/null >&5
mips-linux-uclibc-gcc (Buildroot 2010.02-git) 4.4.2
Copyright (C) 2009 Free Software Foundation, Inc.
This is free software; see the source for copying conditions.  There is NO
warranty; not even for MERCHANTABILITY or FITNESS FOR A PARTICULAR PURPOSE.

configure:19048: $? = 0
configure:19050: /opt/toolchains/uclibc-crosstools-gcc-4.4.2-1/usr/bin/mips-linux-uclibc-gcc -v </dev/null >&5
Using built-in specs.
Target: mips-linux-uclibc
Configured with: /shared/myviews/toolchain/buildroot-4.4.2-1/output/toolchain/gcc-4.4.2/configure --prefix=/usr --build=i386-pc-linux-gnu --host=i386-pc-linux-gnu --target=mips-linux-uclibc --enable-languages=c,c++ --with-sysroot=/opt/toolchains/uclibc-crosstools-gcc-4.4.2-1 --with-build-time-tools=/opt/toolchains/uclibc-crosstools-gcc-4.4.2-1/usr/mips-linux-uclibc/bin --disable-__cxa_atexit --enable-target-optspace --with-gnu-ld --disable-libssp --disable-tls --enable-shared --with-gmp=/shared/myviews/toolchain/buildroot-4.4.2-1/output/toolchain/gmp --with-mpfr=/shared/myviews/toolchain/buildroot-4.4.2-1/output/toolchain/mpfr --disable-nls --enable-threads --disable-multilib --disable-decimal-float --with-float=soft --with-abi=32 --with-tune=mips32 --with-arch=mips32 --with-pkgversion='Buildroot 2010.02-git' --with-bugurl=http://bugs.buildroot.net/
Thread model: posix
gcc version 4.4.2 (Buildroot 2010.02-git) 
configure:19053: $? = 0
configure:19055: /opt/toolchains/uclibc-crosstools-gcc-4.4.2-1/usr/bin/mips-linux-uclibc-gcc -V </dev/null >&5
mips-linux-uclibc-gcc: '-V' option must have argument
configure:19058: $? = 1
configure:19061: checking whether we are using the GNU C compiler
configure:19117: result: yes
configure:19123: checking whether /opt/toolchains/uclibc-crosstools-gcc-4.4.2-1/usr/bin/mips-linux-uclibc-gcc accepts -g
configure:19174: result: yes
configure:19191: checking for /opt/toolchains/uclibc-crosstools-gcc-4.4.2-1/usr/bin/mips-linux-uclibc-gcc option to accept ANSI C
configure:19298: result: none needed
configure:19316: /opt/toolchains/uclibc-crosstools-gcc-4.4.2-1/usr/bin/mips-linux-uclibc-gcc -c -g -O2  conftest.c >&5
conftest.c:2: error: expected '=', ',', ';', 'asm' or '__attribute__' before 'me'
configure:19322: $? = 1
configure: failed program was:
| #ifndef __cplusplus
|   choke me
| #endif
configure:19457: checking dependency style of /opt/toolchains/uclibc-crosstools-gcc-4.4.2-1/usr/bin/mips-linux-uclibc-gcc
configure:19547: result: gcc3
configure:19569: checking how to run the C preprocessor
configure:19687: result: /opt/toolchains/uclibc-crosstools-gcc-4.4.2-1/usr/bin/mips-linux-uclibc-cpp
configure:19711: /opt/toolchains/uclibc-crosstools-gcc-4.4.2-1/usr/bin/mips-linux-uclibc-cpp  conftest.c
configure:19717: $? = 0
configure:19749: /opt/toolchains/uclibc-crosstools-gcc-4.4.2-1/usr/bin/mips-linux-uclibc-cpp  conftest.c
conftest.c:26:28: error: ac_nonexistent.h: No such file or directory
configure:19755: $? = 1
configure: failed program was:
| /* confdefs.h.  */
| 
| #define PACKAGE_NAME ""
| #define PACKAGE_TARNAME ""
| #define PACKAGE_VERSION ""
| #define PACKAGE_STRING ""
| #define PACKAGE_BUGREPORT ""
| #define PACKAGE "oprofile"
| #define VERSION "0.9.6"
| #define HAVE_DECL_BASENAME 1
| #define STDC_HEADERS 1
| #define HAVE_SYS_TYPES_H 1
| #define HAVE_SYS_STAT_H 1
| #define HAVE_STDLIB_H 1
| #define HAVE_STRING_H 1
| #define HAVE_MEMORY_H 1
| #define HAVE_STRINGS_H 1
| #define HAVE_INTTYPES_H 1
| #define HAVE_STDINT_H 1
| #define HAVE_UNISTD_H 1
| #define HAVE_DLFCN_H 1
| #ifdef __cplusplus
| extern "C" void exit (int) throw ();
| #endif
| /* end confdefs.h.  */
| #include <ac_nonexistent.h>
configure:19808: checking for mips-linux-g++
configure:19834: result: /opt/toolchains/uclibc-crosstools-gcc-4.4.2-1/usr/bin/mips-linux-uclibc-g++
configure:19892: checking for C++ compiler version
configure:19895: /opt/toolchains/uclibc-crosstools-gcc-4.4.2-1/usr/bin/mips-linux-uclibc-g++ --version </dev/null >&5
mips-linux-uclibc-g++ (Buildroot 2010.02-git) 4.4.2
Copyright (C) 2009 Free Software Foundation, Inc.
This is free software; see the source for copying conditions.  There is NO
warranty; not even for MERCHANTABILITY or FITNESS FOR A PARTICULAR PURPOSE.

configure:19898: $? = 0
configure:19900: /opt/toolchains/uclibc-crosstools-gcc-4.4.2-1/usr/bin/mips-linux-uclibc-g++ -v </dev/null >&5
Using built-in specs.
Target: mips-linux-uclibc
Configured with: /shared/myviews/toolchain/buildroot-4.4.2-1/output/toolchain/gcc-4.4.2/configure --prefix=/usr --build=i386-pc-linux-gnu --host=i386-pc-linux-gnu --target=mips-linux-uclibc --enable-languages=c,c++ --with-sysroot=/opt/toolchains/uclibc-crosstools-gcc-4.4.2-1 --with-build-time-tools=/opt/toolchains/uclibc-crosstools-gcc-4.4.2-1/usr/mips-linux-uclibc/bin --disable-__cxa_atexit --enable-target-optspace --with-gnu-ld --disable-libssp --disable-tls --enable-shared --with-gmp=/shared/myviews/toolchain/buildroot-4.4.2-1/output/toolchain/gmp --with-mpfr=/shared/myviews/toolchain/buildroot-4.4.2-1/output/toolchain/mpfr --disable-nls --enable-threads --disable-multilib --disable-decimal-float --with-float=soft --with-abi=32 --with-tune=mips32 --with-arch=mips32 --with-pkgversion='Buildroot 2010.02-git' --with-bugurl=http://bugs.buildroot.net/
Thread model: posix
gcc version 4.4.2 (Buildroot 2010.02-git) 
configure:19903: $? = 0
configure:19905: /opt/toolchains/uclibc-crosstools-gcc-4.4.2-1/usr/bin/mips-linux-uclibc-g++ -V </dev/null >&5
mips-linux-uclibc-g++: '-V' option must have argument
configure:19908: $? = 1
configure:19911: checking whether we are using the GNU C++ compiler
configure:19967: result: yes
configure:19973: checking whether /opt/toolchains/uclibc-crosstools-gcc-4.4.2-1/usr/bin/mips-linux-uclibc-g++ accepts -g
configure:20024: result: yes
configure:20066: /opt/toolchains/uclibc-crosstools-gcc-4.4.2-1/usr/bin/mips-linux-uclibc-g++ -c -g -O2  conftest.cc >&5
configure:20072: $? = 0
configure:20076: test -z 
			 || test ! -s conftest.err
configure:20079: $? = 0
configure:20082: test -s conftest.o
configure:20085: $? = 0
configure:20111: /opt/toolchains/uclibc-crosstools-gcc-4.4.2-1/usr/bin/mips-linux-uclibc-g++ -c -g -O2  conftest.cc >&5
configure:20117: $? = 0
configure:20121: test -z 
			 || test ! -s conftest.err
configure:20124: $? = 0
configure:20127: test -s conftest.o
configure:20130: $? = 0
configure:20155: checking dependency style of /opt/toolchains/uclibc-crosstools-gcc-4.4.2-1/usr/bin/mips-linux-uclibc-g++
configure:20245: result: gcc3
configure:20264: checking for ld
configure:20290: result: /opt/toolchains/uclibc-crosstools-gcc-4.4.2-1/usr/bin/mips-linux-uclibc-ld
configure:20302: checking for kernel OProfile support
configure:20436: result: yes
configure:20970: checking whether malloc attribute is understood
configure:20992: /opt/toolchains/uclibc-crosstools-gcc-4.4.2-1/usr/bin/mips-linux-uclibc-gcc -c -Werror -g -O2  conftest.c >&5
cc1: warnings being treated as errors
conftest.c: In function 'main':
conftest.c:31: error: 'malloc' attribute ignored
configure:20998: $? = 1
configure: failed program was:
| /* confdefs.h.  */
| 
| #define PACKAGE_NAME ""
| #define PACKAGE_TARNAME ""
| #define PACKAGE_VERSION ""
| #define PACKAGE_STRING ""
| #define PACKAGE_BUGREPORT ""
| #define PACKAGE "oprofile"
| #define VERSION "0.9.6"
| #define HAVE_DECL_BASENAME 1
| #define STDC_HEADERS 1
| #define HAVE_SYS_TYPES_H 1
| #define HAVE_SYS_STAT_H 1
| #define HAVE_STDLIB_H 1
| #define HAVE_STRING_H 1
| #define HAVE_MEMORY_H 1
| #define HAVE_STRINGS_H 1
| #define HAVE_INTTYPES_H 1
| #define HAVE_STDINT_H 1
| #define HAVE_UNISTD_H 1
| #define HAVE_DLFCN_H 1
| #ifdef __cplusplus
| extern "C" void exit (int) throw ();
| #endif
| /* end confdefs.h.  */
| 
| int
| main ()
| {
| 
| void monkey() __attribute__((malloc));
| 
|   ;
|   return 0;
| }
configure:21023: result: no
configure:21031: checking whether __builtin_expect is understood
configure:21054: /opt/toolchains/uclibc-crosstools-gcc-4.4.2-1/usr/bin/mips-linux-uclibc-gcc -o conftest -Werror -g -O2   conftest.c  >&5
configure:21060: $? = 0
configure:21064: test -z 
			 || test ! -s conftest.err
configure:21067: $? = 0
configure:21070: test -s conftest
configure:21073: $? = 0
configure:21075: result: yes
configure:21145: checking for sched_setaffinity
configure:21202: /opt/toolchains/uclibc-crosstools-gcc-4.4.2-1/usr/bin/mips-linux-uclibc-gcc -o conftest -g -O2   conftest.c  >&5
configure:21208: $? = 0
configure:21212: test -z 
			 || test ! -s conftest.err
configure:21215: $? = 0
configure:21218: test -s conftest
configure:21221: $? = 0
configure:21233: result: yes
configure:21145: checking for perfmonctl
configure:21202: /opt/toolchains/uclibc-crosstools-gcc-4.4.2-1/usr/bin/mips-linux-uclibc-gcc -o conftest -g -O2   conftest.c  >&5
/tmp/ccmWpQMV.o: In function `main':
/data/views/bfeng_4.10_dbg/vobs/CommEngine/userspace/gpl/apps/oprofile/conftest.c:66: undefined reference to `perfmonctl'
/tmp/ccmWpQMV.o:(.data.rel+0x0): undefined reference to `perfmonctl'
collect2: ld returned 1 exit status
configure:21208: $? = 1
configure: failed program was:
| /* confdefs.h.  */
| 
| #define PACKAGE_NAME ""
| #define PACKAGE_TARNAME ""
| #define PACKAGE_VERSION ""
| #define PACKAGE_STRING ""
| #define PACKAGE_BUGREPORT ""
| #define PACKAGE "oprofile"
| #define VERSION "0.9.6"
| #define HAVE_DECL_BASENAME 1
| #define STDC_HEADERS 1
| #define HAVE_SYS_TYPES_H 1
| #define HAVE_SYS_STAT_H 1
| #define HAVE_STDLIB_H 1
| #define HAVE_STRING_H 1
| #define HAVE_MEMORY_H 1
| #define HAVE_STRINGS_H 1
| #define HAVE_INTTYPES_H 1
| #define HAVE_STDINT_H 1
| #define HAVE_UNISTD_H 1
| #define HAVE_DLFCN_H 1
| #ifdef __cplusplus
| extern "C" void exit (int) throw ();
| #endif
| #define HAVE_SCHED_SETAFFINITY 1
| /* end confdefs.h.  */
| /* Define perfmonctl to an innocuous variant, in case <limits.h> declares perfmonctl.
|    For example, HP-UX 11i <limits.h> declares gettimeofday.  */
| #define perfmonctl innocuous_perfmonctl
| 
| /* System header to define __stub macros and hopefully few prototypes,
|     which can conflict with char perfmonctl (); below.
|     Prefer <limits.h> to <assert.h> if __STDC__ is defined, since
|     <limits.h> exists even on freestanding compilers.  */
| 
| #ifdef __STDC__
| # include <limits.h>
| #else
| # include <assert.h>
| #endif
| 
| #undef perfmonctl
| 
| /* Override any gcc2 internal prototype to avoid an error.  */
| #ifdef __cplusplus
| extern "C"
| {
| #endif
| /* We use char because int might match the return type of a gcc2
|    builtin and then its argument prototype would still apply.  */
| char perfmonctl ();
| /* The GNU C library defines this for functions which it implements
|     to always fail with ENOSYS.  Some functions are actually named
|     something starting with __ and the normal name is an alias.  */
| #if defined (__stub_perfmonctl) || defined (__stub___perfmonctl)
| choke me
| #else
| char (*f) () = perfmonctl;
| #endif
| #ifdef __cplusplus
| }
| #endif
| 
| int
| main ()
| {
| return f != perfmonctl;
|   ;
|   return 0;
| }
configure:21233: result: no
configure:21245: checking for poptGetContext in -lpopt
configure:21275: /opt/toolchains/uclibc-crosstools-gcc-4.4.2-1/usr/bin/mips-linux-uclibc-gcc -o conftest -g -O2   conftest.c -lpopt   >&5
/data/opt/toolchains/uclibc-crosstools-gcc-4.4.2-1/usr/bin/../lib/gcc/mips-linux-uclibc/4.4.2/../../../../mips-linux-uclibc/bin/ld: cannot find -lpopt
collect2: ld returned 1 exit status
configure:21281: $? = 1
configure: failed program was:
| /* confdefs.h.  */
| 
| #define PACKAGE_NAME ""
| #define PACKAGE_TARNAME ""
| #define PACKAGE_VERSION ""
| #define PACKAGE_STRING ""
| #define PACKAGE_BUGREPORT ""
| #define PACKAGE "oprofile"
| #define VERSION "0.9.6"
| #define HAVE_DECL_BASENAME 1
| #define STDC_HEADERS 1
| #define HAVE_SYS_TYPES_H 1
| #define HAVE_SYS_STAT_H 1
| #define HAVE_STDLIB_H 1
| #define HAVE_STRING_H 1
| #define HAVE_MEMORY_H 1
| #define HAVE_STRINGS_H 1
| #define HAVE_INTTYPES_H 1
| #define HAVE_STDINT_H 1
| #define HAVE_UNISTD_H 1
| #define HAVE_DLFCN_H 1
| #ifdef __cplusplus
| extern "C" void exit (int) throw ();
| #endif
| #define HAVE_SCHED_SETAFFINITY 1
| /* end confdefs.h.  */
| 
| /* Override any gcc2 internal prototype to avoid an error.  */
| #ifdef __cplusplus
| extern "C"
| #endif
| /* We use char because int might match the return type of a gcc2
|    builtin and then its argument prototype would still apply.  */
| char poptGetContext ();
| int
| main ()
| {
| poptGetContext ();
|   ;
|   return 0;
| }
configure:21307: result: no
configure:21340: checking libiberty.h usability
configure:21352: /opt/toolchains/uclibc-crosstools-gcc-4.4.2-1/usr/bin/mips-linux-uclibc-gcc -c -g -O2  conftest.c >&5
conftest.c:62:23: error: libiberty.h: No such file or directory
configure:21358: $? = 1
configure: failed program was:
| /* confdefs.h.  */
| 
| #define PACKAGE_NAME ""
| #define PACKAGE_TARNAME ""
| #define PACKAGE_VERSION ""
| #define PACKAGE_STRING ""
| #define PACKAGE_BUGREPORT ""
| #define PACKAGE "oprofile"
| #define VERSION "0.9.6"
| #define HAVE_DECL_BASENAME 1
| #define STDC_HEADERS 1
| #define HAVE_SYS_TYPES_H 1
| #define HAVE_SYS_STAT_H 1
| #define HAVE_STDLIB_H 1
| #define HAVE_STRING_H 1
| #define HAVE_MEMORY_H 1
| #define HAVE_STRINGS_H 1
| #define HAVE_INTTYPES_H 1
| #define HAVE_STDINT_H 1
| #define HAVE_UNISTD_H 1
| #define HAVE_DLFCN_H 1
| #ifdef __cplusplus
| extern "C" void exit (int) throw ();
| #endif
| #define HAVE_SCHED_SETAFFINITY 1
| #define HAVE_LIBPOPT 1
| /* end confdefs.h.  */
| #include <stdio.h>
| #if HAVE_SYS_TYPES_H
| # include <sys/types.h>
| #endif
| #if HAVE_SYS_STAT_H
| # include <sys/stat.h>
| #endif
| #if STDC_HEADERS
| # include <stdlib.h>
| # include <stddef.h>
| #else
| # if HAVE_STDLIB_H
| #  include <stdlib.h>
| # endif
| #endif
| #if HAVE_STRING_H
| # if !STDC_HEADERS && HAVE_MEMORY_H
| #  include <memory.h>
| # endif
| # include <string.h>
| #endif
| #if HAVE_STRINGS_H
| # include <strings.h>
| #endif
| #if HAVE_INTTYPES_H
| # include <inttypes.h>
| #else
| # if HAVE_STDINT_H
| #  include <stdint.h>
| # endif
| #endif
| #if HAVE_UNISTD_H
| # include <unistd.h>
| #endif
| #include <libiberty.h>
configure:21381: result: no
configure:21385: checking libiberty.h presence
configure:21395: /opt/toolchains/uclibc-crosstools-gcc-4.4.2-1/usr/bin/mips-linux-uclibc-cpp  conftest.c
conftest.c:28:23: error: libiberty.h: No such file or directory
configure:21401: $? = 1
configure: failed program was:
| /* confdefs.h.  */
| 
| #define PACKAGE_NAME ""
| #define PACKAGE_TARNAME ""
| #define PACKAGE_VERSION ""
| #define PACKAGE_STRING ""
| #define PACKAGE_BUGREPORT ""
| #define PACKAGE "oprofile"
| #define VERSION "0.9.6"
| #define HAVE_DECL_BASENAME 1
| #define STDC_HEADERS 1
| #define HAVE_SYS_TYPES_H 1
| #define HAVE_SYS_STAT_H 1
| #define HAVE_STDLIB_H 1
| #define HAVE_STRING_H 1
| #define HAVE_MEMORY_H 1
| #define HAVE_STRINGS_H 1
| #define HAVE_INTTYPES_H 1
| #define HAVE_STDINT_H 1
| #define HAVE_UNISTD_H 1
| #define HAVE_DLFCN_H 1
| #ifdef __cplusplus
| extern "C" void exit (int) throw ();
| #endif
| #define HAVE_SCHED_SETAFFINITY 1
| #define HAVE_LIBPOPT 1
| /* end confdefs.h.  */
| #include <libiberty.h>
configure:21421: result: no
configure:21456: checking for libiberty.h
configure:21463: result: no
configure:21477: checking for cplus_demangle in -liberty
configure:21507: /opt/toolchains/uclibc-crosstools-gcc-4.4.2-1/usr/bin/mips-linux-uclibc-gcc -o conftest -g -O2   conftest.c -liberty  -lpopt  >&5
/data/opt/toolchains/uclibc-crosstools-gcc-4.4.2-1/usr/bin/../lib/gcc/mips-linux-uclibc/4.4.2/../../../../mips-linux-uclibc/bin/ld: cannot find -lpopt
collect2: ld returned 1 exit status
configure:21513: $? = 1
configure: failed program was:
| /* confdefs.h.  */
| 
| #define PACKAGE_NAME ""
| #define PACKAGE_TARNAME ""
| #define PACKAGE_VERSION ""
| #define PACKAGE_STRING ""
| #define PACKAGE_BUGREPORT ""
| #define PACKAGE "oprofile"
| #define VERSION "0.9.6"
| #define HAVE_DECL_BASENAME 1
| #define STDC_HEADERS 1
| #define HAVE_SYS_TYPES_H 1
| #define HAVE_SYS_STAT_H 1
| #define HAVE_STDLIB_H 1
| #define HAVE_STRING_H 1
| #define HAVE_MEMORY_H 1
| #define HAVE_STRINGS_H 1
| #define HAVE_INTTYPES_H 1
| #define HAVE_STDINT_H 1
| #define HAVE_UNISTD_H 1
| #define HAVE_DLFCN_H 1
| #ifdef __cplusplus
| extern "C" void exit (int) throw ();
| #endif
| #define HAVE_SCHED_SETAFFINITY 1
| #define HAVE_LIBPOPT 1
| /* end confdefs.h.  */
| 
| /* Override any gcc2 internal prototype to avoid an error.  */
| #ifdef __cplusplus
| extern "C"
| #endif
| /* We use char because int might match the return type of a gcc2
|    builtin and then its argument prototype would still apply.  */
| char cplus_demangle ();
| int
| main ()
| {
| cplus_demangle ();
|   ;
|   return 0;
| }
configure:21539: result: no
configure:21560: checking for xcalloc
configure:21651: result: 
configure:21665: checking for xmemdup
configure:21722: /opt/toolchains/uclibc-crosstools-gcc-4.4.2-1/usr/bin/mips-linux-uclibc-gcc -o conftest -g -O2   conftest.c -liberty -lpopt  >&5
/data/opt/toolchains/uclibc-crosstools-gcc-4.4.2-1/usr/bin/../lib/gcc/mips-linux-uclibc/4.4.2/../../../../mips-linux-uclibc/bin/ld: cannot find -lpopt
collect2: ld returned 1 exit status
configure:21728: $? = 1
configure: failed program was:
| /* confdefs.h.  */
| 
| #define PACKAGE_NAME ""
| #define PACKAGE_TARNAME ""
| #define PACKAGE_VERSION ""
| #define PACKAGE_STRING ""
| #define PACKAGE_BUGREPORT ""
| #define PACKAGE "oprofile"
| #define VERSION "0.9.6"
| #define HAVE_DECL_BASENAME 1
| #define STDC_HEADERS 1
| #define HAVE_SYS_TYPES_H 1
| #define HAVE_SYS_STAT_H 1
| #define HAVE_STDLIB_H 1
| #define HAVE_STRING_H 1
| #define HAVE_MEMORY_H 1
| #define HAVE_STRINGS_H 1
| #define HAVE_INTTYPES_H 1
| #define HAVE_STDINT_H 1
| #define HAVE_UNISTD_H 1
| #define HAVE_DLFCN_H 1
| #ifdef __cplusplus
| extern "C" void exit (int) throw ();
| #endif
| #define HAVE_SCHED_SETAFFINITY 1
| #define HAVE_LIBPOPT 1
| #define HAVE_LIBIBERTY 1
| /* end confdefs.h.  */
| /* Define xmemdup to an innocuous variant, in case <limits.h> declares xmemdup.
|    For example, HP-UX 11i <limits.h> declares gettimeofday.  */
| #define xmemdup innocuous_xmemdup
| 
| /* System header to define __stub macros and hopefully few prototypes,
|     which can conflict with char xmemdup (); below.
|     Prefer <limits.h> to <assert.h> if __STDC__ is defined, since
|     <limits.h> exists even on freestanding compilers.  */
| 
| #ifdef __STDC__
| # include <limits.h>
| #else
| # include <assert.h>
| #endif
| 
| #undef xmemdup
| 
| /* Override any gcc2 internal prototype to avoid an error.  */
| #ifdef __cplusplus
| extern "C"
| {
| #endif
| /* We use char because int might match the return type of a gcc2
|    builtin and then its argument prototype would still apply.  */
| char xmemdup ();
| /* The GNU C library defines this for functions which it implements
|     to always fail with ENOSYS.  Some functions are actually named
|     something starting with __ and the normal name is an alias.  */
| #if defined (__stub_xmemdup) || defined (__stub___xmemdup)
| choke me
| #else
| char (*f) () = xmemdup;
| #endif
| #ifdef __cplusplus
| }
| #endif
| 
| int
| main ()
| {
| return f != xmemdup;
|   ;
|   return 0;
| }
configure:21753: result: no
configure:21763: checking for dlopen in -ldl
configure:21793: /opt/toolchains/uclibc-crosstools-gcc-4.4.2-1/usr/bin/mips-linux-uclibc-gcc -o conftest -g -O2   conftest.c -ldl  -liberty -lpopt  >&5
/data/opt/toolchains/uclibc-crosstools-gcc-4.4.2-1/usr/bin/../lib/gcc/mips-linux-uclibc/4.4.2/../../../../mips-linux-uclibc/bin/ld: cannot find -lpopt
collect2: ld returned 1 exit status
configure:21799: $? = 1
configure: failed program was:
| /* confdefs.h.  */
| 
| #define PACKAGE_NAME ""
| #define PACKAGE_TARNAME ""
| #define PACKAGE_VERSION ""
| #define PACKAGE_STRING ""
| #define PACKAGE_BUGREPORT ""
| #define PACKAGE "oprofile"
| #define VERSION "0.9.6"
| #define HAVE_DECL_BASENAME 1
| #define STDC_HEADERS 1
| #define HAVE_SYS_TYPES_H 1
| #define HAVE_SYS_STAT_H 1
| #define HAVE_STDLIB_H 1
| #define HAVE_STRING_H 1
| #define HAVE_MEMORY_H 1
| #define HAVE_STRINGS_H 1
| #define HAVE_INTTYPES_H 1
| #define HAVE_STDINT_H 1
| #define HAVE_UNISTD_H 1
| #define HAVE_DLFCN_H 1
| #ifdef __cplusplus
| extern "C" void exit (int) throw ();
| #endif
| #define HAVE_SCHED_SETAFFINITY 1
| #define HAVE_LIBPOPT 1
| #define HAVE_LIBIBERTY 1
| /* end confdefs.h.  */
| 
| /* Override any gcc2 internal prototype to avoid an error.  */
| #ifdef __cplusplus
| extern "C"
| #endif
| /* We use char because int might match the return type of a gcc2
|    builtin and then its argument prototype would still apply.  */
| char dlopen ();
| int
| main ()
| {
| dlopen ();
|   ;
|   return 0;
| }
configure:21825: result: no
configure:21833: checking for main in -lintl
configure:21857: /opt/toolchains/uclibc-crosstools-gcc-4.4.2-1/usr/bin/mips-linux-uclibc-gcc -o conftest -g -O2   conftest.c -lintl  -liberty -lpopt  >&5
/data/opt/toolchains/uclibc-crosstools-gcc-4.4.2-1/usr/bin/../lib/gcc/mips-linux-uclibc/4.4.2/../../../../mips-linux-uclibc/bin/ld: cannot find -lintl
collect2: ld returned 1 exit status
configure:21863: $? = 1
configure: failed program was:
| /* confdefs.h.  */
| 
| #define PACKAGE_NAME ""
| #define PACKAGE_TARNAME ""
| #define PACKAGE_VERSION ""
| #define PACKAGE_STRING ""
| #define PACKAGE_BUGREPORT ""
| #define PACKAGE "oprofile"
| #define VERSION "0.9.6"
| #define HAVE_DECL_BASENAME 1
| #define STDC_HEADERS 1
| #define HAVE_SYS_TYPES_H 1
| #define HAVE_SYS_STAT_H 1
| #define HAVE_STDLIB_H 1
| #define HAVE_STRING_H 1
| #define HAVE_MEMORY_H 1
| #define HAVE_STRINGS_H 1
| #define HAVE_INTTYPES_H 1
| #define HAVE_STDINT_H 1
| #define HAVE_UNISTD_H 1
| #define HAVE_DLFCN_H 1
| #ifdef __cplusplus
| extern "C" void exit (int) throw ();
| #endif
| #define HAVE_SCHED_SETAFFINITY 1
| #define HAVE_LIBPOPT 1
| #define HAVE_LIBIBERTY 1
| /* end confdefs.h.  */
| 
| 
| int
| main ()
| {
| main ();
|   ;
|   return 0;
| }
configure:21889: result: no
configure:21898: checking for bfd_openr in -lbfd
configure:21928: /opt/toolchains/uclibc-crosstools-gcc-4.4.2-1/usr/bin/mips-linux-uclibc-gcc -o conftest -g -O2   conftest.c -lbfd  -liberty -lpopt  >&5
/data/opt/toolchains/uclibc-crosstools-gcc-4.4.2-1/usr/bin/../lib/gcc/mips-linux-uclibc/4.4.2/../../../../mips-linux-uclibc/bin/ld: cannot find -lbfd
collect2: ld returned 1 exit status
configure:21934: $? = 1
configure: failed program was:
| /* confdefs.h.  */
| 
| #define PACKAGE_NAME ""
| #define PACKAGE_TARNAME ""
| #define PACKAGE_VERSION ""
| #define PACKAGE_STRING ""
| #define PACKAGE_BUGREPORT ""
| #define PACKAGE "oprofile"
| #define VERSION "0.9.6"
| #define HAVE_DECL_BASENAME 1
| #define STDC_HEADERS 1
| #define HAVE_SYS_TYPES_H 1
| #define HAVE_SYS_STAT_H 1
| #define HAVE_STDLIB_H 1
| #define HAVE_STRING_H 1
| #define HAVE_MEMORY_H 1
| #define HAVE_STRINGS_H 1
| #define HAVE_INTTYPES_H 1
| #define HAVE_STDINT_H 1
| #define HAVE_UNISTD_H 1
| #define HAVE_DLFCN_H 1
| #ifdef __cplusplus
| extern "C" void exit (int) throw ();
| #endif
| #define HAVE_SCHED_SETAFFINITY 1
| #define HAVE_LIBPOPT 1
| #define HAVE_LIBIBERTY 1
| /* end confdefs.h.  */
| 
| /* Override any gcc2 internal prototype to avoid an error.  */
| #ifdef __cplusplus
| extern "C"
| #endif
| /* We use char because int might match the return type of a gcc2
|    builtin and then its argument prototype would still apply.  */
| char bfd_openr ();
| int
| main ()
| {
| bfd_openr ();
|   ;
|   return 0;
| }
configure:21960: result: no
configure:22125: checking whether bfd_get_synthetic_symtab() exists in BFD library
configure:22191: checking for bfd_openr_iovec in -lbfd
configure:22221: /opt/toolchains/uclibc-crosstools-gcc-4.4.2-1/usr/bin/mips-linux-uclibc-gcc -o conftest -g -O2   conftest.c -lbfd  -lbfd -liberty -lpopt  >&5
/data/opt/toolchains/uclibc-crosstools-gcc-4.4.2-1/usr/bin/../lib/gcc/mips-linux-uclibc/4.4.2/../../../../mips-linux-uclibc/bin/ld: cannot find -lbfd
collect2: ld returned 1 exit status
configure:22227: $? = 1
configure: failed program was:
| /* confdefs.h.  */
| 
| #define PACKAGE_NAME ""
| #define PACKAGE_TARNAME ""
| #define PACKAGE_VERSION ""
| #define PACKAGE_STRING ""
| #define PACKAGE_BUGREPORT ""
| #define PACKAGE "oprofile"
| #define VERSION "0.9.6"
| #define HAVE_DECL_BASENAME 1
| #define STDC_HEADERS 1
| #define HAVE_SYS_TYPES_H 1
| #define HAVE_SYS_STAT_H 1
| #define HAVE_STDLIB_H 1
| #define HAVE_STRING_H 1
| #define HAVE_MEMORY_H 1
| #define HAVE_STRINGS_H 1
| #define HAVE_INTTYPES_H 1
| #define HAVE_STDINT_H 1
| #define HAVE_UNISTD_H 1
| #define HAVE_DLFCN_H 1
| #ifdef __cplusplus
| extern "C" void exit (int) throw ();
| #endif
| #define HAVE_SCHED_SETAFFINITY 1
| #define HAVE_LIBPOPT 1
| #define HAVE_LIBIBERTY 1
| #define SYNTHESIZE_SYMBOLS 0
| /* end confdefs.h.  */
| 
| /* Override any gcc2 internal prototype to avoid an error.  */
| #ifdef __cplusplus
| extern "C"
| #endif
| /* We use char because int might match the return type of a gcc2
|    builtin and then its argument prototype would still apply.  */
| char bfd_openr_iovec ();
| int
| main ()
| {
| bfd_openr_iovec ();
|   ;
|   return 0;
| }
configure:22253: result: no
configure:22365: checking popt prototype
configure:22388: /opt/toolchains/uclibc-crosstools-gcc-4.4.2-1/usr/bin/mips-linux-uclibc-g++ -c -Werror -g -O2  conftest.cc >&5
conftest.cc: In function 'int main()':
conftest.cc:36: error: invalid conversion from 'char**' to 'const char**'
conftest.cc:36: error:   initializing argument 3 of 'poptContext_s* poptGetContext(const char*, int, const char**, const poptOption*, int)'
configure:22394: $? = 1
configure: failed program was:
| /* confdefs.h.  */
| 
| #define PACKAGE_NAME ""
| #define PACKAGE_TARNAME ""
| #define PACKAGE_VERSION ""
| #define PACKAGE_STRING ""
| #define PACKAGE_BUGREPORT ""
| #define PACKAGE "oprofile"
| #define VERSION "0.9.6"
| #define HAVE_DECL_BASENAME 1
| #define STDC_HEADERS 1
| #define HAVE_SYS_TYPES_H 1
| #define HAVE_SYS_STAT_H 1
| #define HAVE_STDLIB_H 1
| #define HAVE_STRING_H 1
| #define HAVE_MEMORY_H 1
| #define HAVE_STRINGS_H 1
| #define HAVE_INTTYPES_H 1
| #define HAVE_STDINT_H 1
| #define HAVE_UNISTD_H 1
| #define HAVE_DLFCN_H 1
| #ifdef __cplusplus
| extern "C" void exit (int) throw ();
| #endif
| #define HAVE_SCHED_SETAFFINITY 1
| #define HAVE_LIBPOPT 1
| #define HAVE_LIBIBERTY 1
| #define SYNTHESIZE_SYMBOLS 0
| /* end confdefs.h.  */
| #include <popt.h>
| int
| main ()
| {
| 
| int c; char **v;
| poptGetContext(0, c, v, 0, 0);
| 
|   ;
|   return 0;
| }
configure:22415: result: takes const char **
configure:22427: checking whether to use included sstream
configure:22445: /opt/toolchains/uclibc-crosstools-gcc-4.4.2-1/usr/bin/mips-linux-uclibc-g++ -c -g -O2  conftest.cc >&5
configure:22451: $? = 0
configure:22455: test -z 
			 || test ! -s conftest.err
configure:22458: $? = 0
configure:22461: test -s conftest.o
configure:22464: $? = 0
configure:22466: result: no
configure:22479: checking whether bfd defines bool
configure:22497: /opt/toolchains/uclibc-crosstools-gcc-4.4.2-1/usr/bin/mips-linux-uclibc-g++ -c -g -O2  conftest.cc >&5
conftest.cc:31:17: error: bfd.h: No such file or directory
configure:22503: $? = 1
configure: failed program was:
| /* confdefs.h.  */
| 
| #define PACKAGE_NAME ""
| #define PACKAGE_TARNAME ""
| #define PACKAGE_VERSION ""
| #define PACKAGE_STRING ""
| #define PACKAGE_BUGREPORT ""
| #define PACKAGE "oprofile"
| #define VERSION "0.9.6"
| #define HAVE_DECL_BASENAME 1
| #define STDC_HEADERS 1
| #define HAVE_SYS_TYPES_H 1
| #define HAVE_SYS_STAT_H 1
| #define HAVE_STDLIB_H 1
| #define HAVE_STRING_H 1
| #define HAVE_MEMORY_H 1
| #define HAVE_STRINGS_H 1
| #define HAVE_INTTYPES_H 1
| #define HAVE_STDINT_H 1
| #define HAVE_UNISTD_H 1
| #define HAVE_DLFCN_H 1
| #ifdef __cplusplus
| extern "C" void exit (int) throw ();
| #endif
| #define HAVE_SCHED_SETAFFINITY 1
| #define HAVE_LIBPOPT 1
| #define HAVE_LIBIBERTY 1
| #define SYNTHESIZE_SYMBOLS 0
| #define CONST_POPT 1
| /* end confdefs.h.  */
| #include <bfd.h>
| int
| main ()
| {
| 
|   ;
|   return 0;
| }
configure:22524: result: yes
configure:22534: checking type of size_t
configure:22573: /opt/toolchains/uclibc-crosstools-gcc-4.4.2-1/usr/bin/mips-linux-uclibc-gcc -c -Werror -g -O2  conftest.c >&5
configure:22579: $? = 0
configure:22583: test -z 
			 || test ! -s conftest.err
configure:22586: $? = 0
configure:22589: test -s conftest.o
configure:22592: $? = 0
configure:22616: result: unsigned
configure:22626: checking type of ptrdiff_t
configure:22665: /opt/toolchains/uclibc-crosstools-gcc-4.4.2-1/usr/bin/mips-linux-uclibc-gcc -c -Werror -g -O2  conftest.c >&5
configure:22671: $? = 0
configure:22675: test -z 
			 || test ! -s conftest.err
configure:22678: $? = 0
configure:22681: test -s conftest.o
configure:22684: $? = 0
configure:22708: result: int
configure:22719: checking for X
configure:22824: /opt/toolchains/uclibc-crosstools-gcc-4.4.2-1/usr/bin/mips-linux-uclibc-g++ -E  conftest.cc
conftest.cc:32:27: error: X11/Intrinsic.h: No such file or directory
configure:22830: $? = 1
configure: failed program was:
| /* confdefs.h.  */
| 
| #define PACKAGE_NAME ""
| #define PACKAGE_TARNAME ""
| #define PACKAGE_VERSION ""
| #define PACKAGE_STRING ""
| #define PACKAGE_BUGREPORT ""
| #define PACKAGE "oprofile"
| #define VERSION "0.9.6"
| #define HAVE_DECL_BASENAME 1
| #define STDC_HEADERS 1
| #define HAVE_SYS_TYPES_H 1
| #define HAVE_SYS_STAT_H 1
| #define HAVE_STDLIB_H 1
| #define HAVE_STRING_H 1
| #define HAVE_MEMORY_H 1
| #define HAVE_STRINGS_H 1
| #define HAVE_INTTYPES_H 1
| #define HAVE_STDINT_H 1
| #define HAVE_UNISTD_H 1
| #define HAVE_DLFCN_H 1
| #ifdef __cplusplus
| extern "C" void exit (int) throw ();
| #endif
| #define HAVE_SCHED_SETAFFINITY 1
| #define HAVE_LIBPOPT 1
| #define HAVE_LIBIBERTY 1
| #define SYNTHESIZE_SYMBOLS 0
| #define CONST_POPT 1
| #define TRUE_FALSE_ALREADY_DEFINED 1
| /* end confdefs.h.  */
| #include <X11/Intrinsic.h>
configure:22880: /opt/toolchains/uclibc-crosstools-gcc-4.4.2-1/usr/bin/mips-linux-uclibc-g++ -o conftest -g -O2   conftest.cc -lXt -lbfd -liberty -lpopt  >&5
conftest.cc:32:27: error: X11/Intrinsic.h: No such file or directory
conftest.cc: In function 'int main()':
conftest.cc:36: error: 'XtMalloc' was not declared in this scope
configure:22886: $? = 1
configure: failed program was:
| /* confdefs.h.  */
| 
| #define PACKAGE_NAME ""
| #define PACKAGE_TARNAME ""
| #define PACKAGE_VERSION ""
| #define PACKAGE_STRING ""
| #define PACKAGE_BUGREPORT ""
| #define PACKAGE "oprofile"
| #define VERSION "0.9.6"
| #define HAVE_DECL_BASENAME 1
| #define STDC_HEADERS 1
| #define HAVE_SYS_TYPES_H 1
| #define HAVE_SYS_STAT_H 1
| #define HAVE_STDLIB_H 1
| #define HAVE_STRING_H 1
| #define HAVE_MEMORY_H 1
| #define HAVE_STRINGS_H 1
| #define HAVE_INTTYPES_H 1
| #define HAVE_STDINT_H 1
| #define HAVE_UNISTD_H 1
| #define HAVE_DLFCN_H 1
| #ifdef __cplusplus
| extern "C" void exit (int) throw ();
| #endif
| #define HAVE_SCHED_SETAFFINITY 1
| #define HAVE_LIBPOPT 1
| #define HAVE_LIBIBERTY 1
| #define SYNTHESIZE_SYMBOLS 0
| #define CONST_POPT 1
| #define TRUE_FALSE_ALREADY_DEFINED 1
| /* end confdefs.h.  */
| #include <X11/Intrinsic.h>
| int
| main ()
| {
| XtMalloc (0)
|   ;
|   return 0;
| }
configure:22939: result: no
configure:24161: checking for moc2
configure:24199: result: not found
configure:24209: checking for moc
configure:24247: result: not found
configure:24282: checking for uic
configure:24320: result: not found
configure:24339: checking for Qt library name
configure:24384: /opt/toolchains/uclibc-crosstools-gcc-4.4.2-1/usr/bin/mips-linux-uclibc-g++ -o conftest -g -O2     conftest.cc  -lbfd -liberty -lpopt   -lX11  -lqt-mt >&5
conftest.cc:34:22: error: qglobal.h: No such file or directory
conftest.cc:35:22: error: qstring.h: No such file or directory
conftest.cc:43: error: stray '\' in program
conftest.cc:43: error: stray '\' in program
conftest.cc: In function 'int main()':
conftest.cc:41: error: 'QString' was not declared in this scope
conftest.cc:41: error: expected ';' before 's'
conftest.cc:43: error: 'break_me_' was not declared in this scope
configure:24390: $? = 1
configure: failed program was:
| /* confdefs.h.  */
| 
| #define PACKAGE_NAME ""
| #define PACKAGE_TARNAME ""
| #define PACKAGE_VERSION ""
| #define PACKAGE_STRING ""
| #define PACKAGE_BUGREPORT ""
| #define PACKAGE "oprofile"
| #define VERSION "0.9.6"
| #define HAVE_DECL_BASENAME 1
| #define STDC_HEADERS 1
| #define HAVE_SYS_TYPES_H 1
| #define HAVE_SYS_STAT_H 1
| #define HAVE_STDLIB_H 1
| #define HAVE_STRING_H 1
| #define HAVE_MEMORY_H 1
| #define HAVE_STRINGS_H 1
| #define HAVE_INTTYPES_H 1
| #define HAVE_STDINT_H 1
| #define HAVE_UNISTD_H 1
| #define HAVE_DLFCN_H 1
| #ifdef __cplusplus
| extern "C" void exit (int) throw ();
| #endif
| #define HAVE_SCHED_SETAFFINITY 1
| #define HAVE_LIBPOPT 1
| #define HAVE_LIBIBERTY 1
| #define SYNTHESIZE_SYMBOLS 0
| #define CONST_POPT 1
| #define TRUE_FALSE_ALREADY_DEFINED 1
| #define X_DISPLAY_MISSING 1
| /* end confdefs.h.  */
| 
| 	#include <qglobal.h>
| 	#include <qstring.h>
| 
| int
| main ()
| {
| 
| 	QString s("mangle_failure");
| 	#if (QT_VERSION < 221)
| 	break_me_(\\);
| 	#endif
| 
|   ;
|   return 0;
| }
configure:24384: /opt/toolchains/uclibc-crosstools-gcc-4.4.2-1/usr/bin/mips-linux-uclibc-g++ -o conftest -g -O2     conftest.cc  -lbfd -liberty -lpopt   -lX11  -lqt3 >&5
conftest.cc:34:22: error: qglobal.h: No such file or directory
conftest.cc:35:22: error: qstring.h: No such file or directory
conftest.cc:43: error: stray '\' in program
conftest.cc:43: error: stray '\' in program
conftest.cc: In function 'int main()':
conftest.cc:41: error: 'QString' was not declared in this scope
conftest.cc:41: error: expected ';' before 's'
conftest.cc:43: error: 'break_me_' was not declared in this scope
configure:24390: $? = 1
configure: failed program was:
| /* confdefs.h.  */
| 
| #define PACKAGE_NAME ""
| #define PACKAGE_TARNAME ""
| #define PACKAGE_VERSION ""
| #define PACKAGE_STRING ""
| #define PACKAGE_BUGREPORT ""
| #define PACKAGE "oprofile"
| #define VERSION "0.9.6"
| #define HAVE_DECL_BASENAME 1
| #define STDC_HEADERS 1
| #define HAVE_SYS_TYPES_H 1
| #define HAVE_SYS_STAT_H 1
| #define HAVE_STDLIB_H 1
| #define HAVE_STRING_H 1
| #define HAVE_MEMORY_H 1
| #define HAVE_STRINGS_H 1
| #define HAVE_INTTYPES_H 1
| #define HAVE_STDINT_H 1
| #define HAVE_UNISTD_H 1
| #define HAVE_DLFCN_H 1
| #ifdef __cplusplus
| extern "C" void exit (int) throw ();
| #endif
| #define HAVE_SCHED_SETAFFINITY 1
| #define HAVE_LIBPOPT 1
| #define HAVE_LIBIBERTY 1
| #define SYNTHESIZE_SYMBOLS 0
| #define CONST_POPT 1
| #define TRUE_FALSE_ALREADY_DEFINED 1
| #define X_DISPLAY_MISSING 1
| /* end confdefs.h.  */
| 
| 	#include <qglobal.h>
| 	#include <qstring.h>
| 
| int
| main ()
| {
| 
| 	QString s("mangle_failure");
| 	#if (QT_VERSION < 221)
| 	break_me_(\\);
| 	#endif
| 
|   ;
|   return 0;
| }
configure:24384: /opt/toolchains/uclibc-crosstools-gcc-4.4.2-1/usr/bin/mips-linux-uclibc-g++ -o conftest -g -O2     conftest.cc  -lbfd -liberty -lpopt   -lX11  -lqt2 >&5
conftest.cc:34:22: error: qglobal.h: No such file or directory
conftest.cc:35:22: error: qstring.h: No such file or directory
conftest.cc:43: error: stray '\' in program
conftest.cc:43: error: stray '\' in program
conftest.cc: In function 'int main()':
conftest.cc:41: error: 'QString' was not declared in this scope
conftest.cc:41: error: expected ';' before 's'
conftest.cc:43: error: 'break_me_' was not declared in this scope
configure:24390: $? = 1
configure: failed program was:
| /* confdefs.h.  */
| 
| #define PACKAGE_NAME ""
| #define PACKAGE_TARNAME ""
| #define PACKAGE_VERSION ""
| #define PACKAGE_STRING ""
| #define PACKAGE_BUGREPORT ""
| #define PACKAGE "oprofile"
| #define VERSION "0.9.6"
| #define HAVE_DECL_BASENAME 1
| #define STDC_HEADERS 1
| #define HAVE_SYS_TYPES_H 1
| #define HAVE_SYS_STAT_H 1
| #define HAVE_STDLIB_H 1
| #define HAVE_STRING_H 1
| #define HAVE_MEMORY_H 1
| #define HAVE_STRINGS_H 1
| #define HAVE_INTTYPES_H 1
| #define HAVE_STDINT_H 1
| #define HAVE_UNISTD_H 1
| #define HAVE_DLFCN_H 1
| #ifdef __cplusplus
| extern "C" void exit (int) throw ();
| #endif
| #define HAVE_SCHED_SETAFFINITY 1
| #define HAVE_LIBPOPT 1
| #define HAVE_LIBIBERTY 1
| #define SYNTHESIZE_SYMBOLS 0
| #define CONST_POPT 1
| #define TRUE_FALSE_ALREADY_DEFINED 1
| #define X_DISPLAY_MISSING 1
| /* end confdefs.h.  */
| 
| 	#include <qglobal.h>
| 	#include <qstring.h>
| 
| int
| main ()
| {
| 
| 	QString s("mangle_failure");
| 	#if (QT_VERSION < 221)
| 	break_me_(\\);
| 	#endif
| 
|   ;
|   return 0;
| }
configure:24384: /opt/toolchains/uclibc-crosstools-gcc-4.4.2-1/usr/bin/mips-linux-uclibc-g++ -o conftest -g -O2     conftest.cc  -lbfd -liberty -lpopt   -lX11  -lqt >&5
conftest.cc:34:22: error: qglobal.h: No such file or directory
conftest.cc:35:22: error: qstring.h: No such file or directory
conftest.cc:43: error: stray '\' in program
conftest.cc:43: error: stray '\' in program
conftest.cc: In function 'int main()':
conftest.cc:41: error: 'QString' was not declared in this scope
conftest.cc:41: error: expected ';' before 's'
conftest.cc:43: error: 'break_me_' was not declared in this scope
configure:24390: $? = 1
configure: failed program was:
| /* confdefs.h.  */
| 
| #define PACKAGE_NAME ""
| #define PACKAGE_TARNAME ""
| #define PACKAGE_VERSION ""
| #define PACKAGE_STRING ""
| #define PACKAGE_BUGREPORT ""
| #define PACKAGE "oprofile"
| #define VERSION "0.9.6"
| #define HAVE_DECL_BASENAME 1
| #define STDC_HEADERS 1
| #define HAVE_SYS_TYPES_H 1
| #define HAVE_SYS_STAT_H 1
| #define HAVE_STDLIB_H 1
| #define HAVE_STRING_H 1
| #define HAVE_MEMORY_H 1
| #define HAVE_STRINGS_H 1
| #define HAVE_INTTYPES_H 1
| #define HAVE_STDINT_H 1
| #define HAVE_UNISTD_H 1
| #define HAVE_DLFCN_H 1
| #ifdef __cplusplus
| extern "C" void exit (int) throw ();
| #endif
| #define HAVE_SCHED_SETAFFINITY 1
| #define HAVE_LIBPOPT 1
| #define HAVE_LIBIBERTY 1
| #define SYNTHESIZE_SYMBOLS 0
| #define CONST_POPT 1
| #define TRUE_FALSE_ALREADY_DEFINED 1
| #define X_DISPLAY_MISSING 1
| /* end confdefs.h.  */
| 
| 	#include <qglobal.h>
| 	#include <qstring.h>
| 
| int
| main ()
| {
| 
| 	QString s("mangle_failure");
| 	#if (QT_VERSION < 221)
| 	break_me_(\\);
| 	#endif
| 
|   ;
|   return 0;
| }
configure:24426: result: failed
configure:24584: checking for xsltproc
configure:24600: found /usr/bin/xsltproc
configure:24610: result: xsltproc
configure:24619: checking whether xsltproc works
configure:24637: result: no
configure:24682: checking whether /opt/toolchains/uclibc-crosstools-gcc-4.4.2-1/usr/bin/mips-linux-uclibc-gcc -W is understood
configure:24710: /opt/toolchains/uclibc-crosstools-gcc-4.4.2-1/usr/bin/mips-linux-uclibc-gcc -c -W  conftest.c >&5
configure:24716: $? = 0
configure:24720: test -z 
			 || test ! -s conftest.err
configure:24723: $? = 0
configure:24726: test -s conftest.o
configure:24729: $? = 0
configure:24731: result: yes
configure:24750: checking whether /opt/toolchains/uclibc-crosstools-gcc-4.4.2-1/usr/bin/mips-linux-uclibc-g++ -W is understood
configure:24778: /opt/toolchains/uclibc-crosstools-gcc-4.4.2-1/usr/bin/mips-linux-uclibc-g++ -c -W  conftest.cc >&5
configure:24784: $? = 0
configure:24788: test -z 
			 || test ! -s conftest.err
configure:24791: $? = 0
configure:24794: test -s conftest.o
configure:24797: $? = 0
configure:24799: result: yes
configure:24818: checking whether /opt/toolchains/uclibc-crosstools-gcc-4.4.2-1/usr/bin/mips-linux-uclibc-gcc -Wall is understood
configure:24846: /opt/toolchains/uclibc-crosstools-gcc-4.4.2-1/usr/bin/mips-linux-uclibc-gcc -c -Wall  conftest.c >&5
configure:24852: $? = 0
configure:24856: test -z 
			 || test ! -s conftest.err
configure:24859: $? = 0
configure:24862: test -s conftest.o
configure:24865: $? = 0
configure:24867: result: yes
configure:24886: checking whether /opt/toolchains/uclibc-crosstools-gcc-4.4.2-1/usr/bin/mips-linux-uclibc-g++ -Wall is understood
configure:24914: /opt/toolchains/uclibc-crosstools-gcc-4.4.2-1/usr/bin/mips-linux-uclibc-g++ -c -Wall  conftest.cc >&5
configure:24920: $? = 0
configure:24924: test -z 
			 || test ! -s conftest.err
configure:24927: $? = 0
configure:24930: test -s conftest.o
configure:24933: $? = 0
configure:24935: result: yes
configure:24954: checking whether /opt/toolchains/uclibc-crosstools-gcc-4.4.2-1/usr/bin/mips-linux-uclibc-gcc -fno-common is understood
configure:24982: /opt/toolchains/uclibc-crosstools-gcc-4.4.2-1/usr/bin/mips-linux-uclibc-gcc -c -fno-common  conftest.c >&5
configure:24988: $? = 0
configure:24992: test -z 
			 || test ! -s conftest.err
configure:24995: $? = 0
configure:24998: test -s conftest.o
configure:25001: $? = 0
configure:25003: result: yes
configure:25022: checking whether /opt/toolchains/uclibc-crosstools-gcc-4.4.2-1/usr/bin/mips-linux-uclibc-g++ -fno-common is understood
configure:25050: /opt/toolchains/uclibc-crosstools-gcc-4.4.2-1/usr/bin/mips-linux-uclibc-g++ -c -fno-common  conftest.cc >&5
configure:25056: $? = 0
configure:25060: test -z 
			 || test ! -s conftest.err
configure:25063: $? = 0
configure:25066: test -s conftest.o
configure:25069: $? = 0
configure:25071: result: yes
configure:25090: checking whether /opt/toolchains/uclibc-crosstools-gcc-4.4.2-1/usr/bin/mips-linux-uclibc-g++ -ftemplate-depth-50 is understood
configure:25118: /opt/toolchains/uclibc-crosstools-gcc-4.4.2-1/usr/bin/mips-linux-uclibc-g++ -c -ftemplate-depth-50  conftest.cc >&5
configure:25124: $? = 0
configure:25128: test -z 
			 || test ! -s conftest.err
configure:25131: $? = 0
configure:25134: test -s conftest.o
configure:25137: $? = 0
configure:25139: result: yes
configure:25158: checking whether /opt/toolchains/uclibc-crosstools-gcc-4.4.2-1/usr/bin/mips-linux-uclibc-gcc -Wdeclaration-after-statement is understood
configure:25186: /opt/toolchains/uclibc-crosstools-gcc-4.4.2-1/usr/bin/mips-linux-uclibc-gcc -c -Wdeclaration-after-statement  conftest.c >&5
configure:25192: $? = 0
configure:25196: test -z 
			 || test ! -s conftest.err
configure:25199: $? = 0
configure:25202: test -s conftest.o
configure:25205: $? = 0
configure:25207: result: yes
configure:25868: creating ./config.status

## ---------------------- ##
## Running config.status. ##
## ---------------------- ##

This file was extended by config.status, which was
generated by GNU Autoconf 2.59.  Invocation command line was

  CONFIG_FILES    = 
  CONFIG_HEADERS  = 
  CONFIG_LINKS    = 
  CONFIG_COMMANDS = 
  $ ./config.status 

on linux-px98

config.status:802: creating Makefile
config.status:802: creating m4/Makefile
config.status:802: creating libutil/Makefile
config.status:802: creating libutil/tests/Makefile
config.status:802: creating libutil++/Makefile
config.status:802: creating libutil++/tests/Makefile
config.status:802: creating libop/Makefile
config.status:802: creating libop/tests/Makefile
config.status:802: creating libopagent/Makefile
config.status:802: creating libopt++/Makefile
config.status:802: creating libdb/Makefile
config.status:802: creating libdb/tests/Makefile
config.status:802: creating libabi/Makefile
config.status:802: creating libabi/tests/Makefile
config.status:802: creating libregex/Makefile
config.status:802: creating libregex/tests/Makefile
config.status:802: creating libregex/stl.pat
config.status:802: creating libregex/tests/mangled-name
config.status:802: creating daemon/Makefile
config.status:802: creating daemon/liblegacy/Makefile
config.status:802: creating events/Makefile
config.status:802: creating utils/Makefile
config.status:802: creating doc/Makefile
config.status:802: creating doc/xsl/catalog-1.xml
config.status:802: creating doc/oprofile.1
config.status:802: creating doc/opcontrol.1
config.status:802: creating doc/ophelp.1
config.status:802: creating doc/opreport.1
config.status:802: creating doc/opannotate.1
config.status:802: creating doc/opgprof.1
config.status:802: creating doc/oparchive.1
config.status:802: creating doc/opimport.1
config.status:802: creating doc/srcdoc/Doxyfile
config.status:802: creating libpp/Makefile
config.status:802: creating opjitconv/Makefile
config.status:802: creating pp/Makefile
config.status:802: creating gui/Makefile
config.status:802: creating gui/ui/Makefile
config.status:802: creating module/Makefile
config.status:802: creating module/x86/Makefile
config.status:802: creating module/ia64/Makefile
config.status:802: creating agents/Makefile
config.status:802: creating agents/jvmti/Makefile
config.status:802: creating agents/jvmpi/Makefile
config.status:906: creating config.h
config.status:1034: config.h is unchanged
config.status:1214: executing depfiles commands

## ---------------- ##
## Cache variables. ##
## ---------------- ##

ac_cv_build=i686-pc-linux-gnu
ac_cv_build_alias=i686-pc-linux-gnu
ac_cv_c_compiler_gnu=yes
ac_cv_cxx_compiler_gnu=yes
ac_cv_env_CC_set=set
ac_cv_env_CC_value=/opt/toolchains/uclibc-crosstools-gcc-4.4.2-1/usr/bin/mips-linux-uclibc-gcc
ac_cv_env_CFLAGS_set=
ac_cv_env_CFLAGS_value=
ac_cv_env_CPPFLAGS_set=
ac_cv_env_CPPFLAGS_value=
ac_cv_env_CPP_set=set
ac_cv_env_CPP_value=/opt/toolchains/uclibc-crosstools-gcc-4.4.2-1/usr/bin/mips-linux-uclibc-cpp
ac_cv_env_CXXCPP_set=
ac_cv_env_CXXCPP_value=
ac_cv_env_CXXFLAGS_set=
ac_cv_env_CXXFLAGS_value=
ac_cv_env_CXX_set=set
ac_cv_env_CXX_value=/opt/toolchains/uclibc-crosstools-gcc-4.4.2-1/usr/bin/mips-linux-uclibc-g++
ac_cv_env_F77_set=
ac_cv_env_F77_value=
ac_cv_env_FFLAGS_set=
ac_cv_env_FFLAGS_value=
ac_cv_env_LDFLAGS_set=
ac_cv_env_LDFLAGS_value=
ac_cv_env_build_alias_set=set
ac_cv_env_build_alias_value=i686-pc-linux-gnu
ac_cv_env_host_alias_set=set
ac_cv_env_host_alias_value=mips-linux
ac_cv_env_target_alias_set=set
ac_cv_env_target_alias_value=mips-linux
ac_cv_exeext=
ac_cv_f77_compiler_gnu=no
ac_cv_func_perfmonctl=no
ac_cv_func_sched_setaffinity=yes
ac_cv_func_xmemdup=no
ac_cv_have_decl_basename=yes
ac_cv_have_x=have_x=no
ac_cv_header_dlfcn_h=yes
ac_cv_header_inttypes_h=yes
ac_cv_header_libiberty_h=no
ac_cv_header_memory_h=yes
ac_cv_header_stdc=yes
ac_cv_header_stdint_h=yes
ac_cv_header_stdlib_h=yes
ac_cv_header_string_h=yes
ac_cv_header_strings_h=yes
ac_cv_header_sys_stat_h=yes
ac_cv_header_sys_types_h=yes
ac_cv_header_unistd_h=yes
ac_cv_host=mips-unknown-linux-gnu
ac_cv_host_alias=mips-linux
ac_cv_lib_bfd_bfd_openr=no
ac_cv_lib_bfd_bfd_openr_iovec=no
ac_cv_lib_dl_dlopen=no
ac_cv_lib_iberty_cplus_demangle=no
ac_cv_lib_intl_main=no
ac_cv_lib_popt_poptGetContext=no
ac_cv_objext=o
ac_cv_path_install='/usr/bin/install -c'
ac_cv_prog_AR=/opt/toolchains/uclibc-crosstools-gcc-4.4.2-1/usr/bin/mips-linux-uclibc-ar
ac_cv_prog_AWK=gawk
ac_cv_prog_CC=/opt/toolchains/uclibc-crosstools-gcc-4.4.2-1/usr/bin/mips-linux-uclibc-gcc
ac_cv_prog_CPP=/opt/toolchains/uclibc-crosstools-gcc-4.4.2-1/usr/bin/mips-linux-uclibc-cpp
ac_cv_prog_CXX=/opt/toolchains/uclibc-crosstools-gcc-4.4.2-1/usr/bin/mips-linux-uclibc-g++
ac_cv_prog_CXXCPP='/opt/toolchains/uclibc-crosstools-gcc-4.4.2-1/usr/bin/mips-linux-uclibc-g++ -E'
ac_cv_prog_LD=/opt/toolchains/uclibc-crosstools-gcc-4.4.2-1/usr/bin/mips-linux-uclibc-ld
ac_cv_prog_RANLIB=/opt/toolchains/uclibc-crosstools-gcc-4.4.2-1/usr/bin/mips-linux-uclibc-ranlib
ac_cv_prog_STRIP=/opt/toolchains/uclibc-crosstools-gcc-4.4.2-1/usr/bin/mips-linux-uclibc-strip
ac_cv_prog_XSLTPROC=xsltproc
ac_cv_prog_cc_g=yes
ac_cv_prog_cc_stdc=
ac_cv_prog_cxx_g=yes
ac_cv_prog_egrep='grep -E'
ac_cv_prog_f77_g=no
ac_cv_prog_make_make_set=yes
am_cv_CC_dependencies_compiler_type=gcc3
am_cv_CXX_dependencies_compiler_type=gcc3
lt_cv_deplibs_check_method=pass_all
lt_cv_file_magic_cmd='$MAGIC_CMD'
lt_cv_file_magic_test_file=
lt_cv_ld_reload_flag=-r
lt_cv_objdir=.libs
lt_cv_path_LD=/opt/toolchains/uclibc-crosstools-gcc-4.4.2-1/usr/bin/mips-linux-uclibc-ld
lt_cv_path_LDCXX=/opt/toolchains/uclibc-crosstools-gcc-4.4.2-1/usr/bin/mips-linux-uclibc-ld
lt_cv_path_NM=/opt/toolchains/uclibc-crosstools-gcc-4.4.2-1/usr/bin/mips-linux-uclibc-nm
lt_cv_path_SED=/usr/bin/sed
lt_cv_prog_compiler_c_o=yes
lt_cv_prog_compiler_c_o_CXX=yes
lt_cv_prog_compiler_rtti_exceptions=no
lt_cv_prog_gnu_ld=yes
lt_cv_prog_gnu_ldcxx=yes
lt_cv_sys_global_symbol_pipe='sed -n -e '\''s/^.*[ 	]\([ABCDGIRSTW][ABCDGIRSTW]*\)[ 	][ 	]*\([_A-Za-z][_A-Za-z0-9]*\)$/\1 \2 \2/p'\'''
lt_cv_sys_global_symbol_to_c_name_address='sed -n -e '\''s/^: \([^ ]*\) $/  {\"\1\", (lt_ptr) 0},/p'\'' -e '\''s/^[BCDEGRST] \([^ ]*\) \([^ ]*\)$/  {"\2", (lt_ptr) \&\2},/p'\'''
lt_cv_sys_global_symbol_to_cdecl='sed -n -e '\''s/^. .* \(.*\)$/extern int \1;/p'\'''
lt_cv_sys_max_cmd_len=32768
lt_lt_cv_prog_compiler_c_o='"yes"'
lt_lt_cv_prog_compiler_c_o_CXX='"yes"'
lt_lt_cv_sys_global_symbol_pipe='"sed -n -e '\''s/^.*[ 	]\\([ABCDGIRSTW][ABCDGIRSTW]*\\)[ 	][ 	]*\\([_A-Za-z][_A-Za-z0-9]*\\)\$/\\1 \\2 \\2/p'\''"'
lt_lt_cv_sys_global_symbol_to_c_name_address='"sed -n -e '\''s/^: \\([^ ]*\\) \$/  {\\\"\\1\\\", (lt_ptr) 0},/p'\'' -e '\''s/^[BCDEGRST] \\([^ ]*\\) \\([^ ]*\\)\$/  {\"\\2\", (lt_ptr) \\&\\2},/p'\''"'
lt_lt_cv_sys_global_symbol_to_cdecl='"sed -n -e '\''s/^. .* \\(.*\\)\$/extern int \\1;/p'\''"'
qt_cv_dir=
qt_cv_path_moc=NONE
qt_cv_path_moc2=NONE
qt_cv_path_uic=NONE

## ----------------- ##
## Output variables. ##
## ----------------- ##

ACLOCAL='${SHELL} ./missing --run aclocal-1.9'
AMDEPBACKSLASH='\'
AMDEP_FALSE='#'
AMDEP_TRUE=''
AMTAR='${SHELL} ./missing --run tar'
AR='/opt/toolchains/uclibc-crosstools-gcc-4.4.2-1/usr/bin/mips-linux-uclibc-ar'
AUTOCONF='${SHELL} ./missing --run autoconf'
AUTOHEADER='${SHELL} ./missing --run autoheader'
AUTOMAKE='${SHELL} ./missing --run automake-1.9'
AWK='gawk'
BFD_LIBS='../libdep/libbfd.a ../libdep/libintl.a -liberty '
BUILD_JVMPI_AGENT_FALSE=''
BUILD_JVMPI_AGENT_TRUE='#'
BUILD_JVMTI_AGENT_FALSE=''
BUILD_JVMTI_AGENT_TRUE='#'
CAT_ENTRY_END=''
CAT_ENTRY_START=''
CC='/opt/toolchains/uclibc-crosstools-gcc-4.4.2-1/usr/bin/mips-linux-uclibc-gcc'
CCDEPMODE='depmode=gcc3'
CFLAGS='-g -O2'
CPP='/opt/toolchains/uclibc-crosstools-gcc-4.4.2-1/usr/bin/mips-linux-uclibc-cpp'
CPPFLAGS=''
CXX='/opt/toolchains/uclibc-crosstools-gcc-4.4.2-1/usr/bin/mips-linux-uclibc-g++'
CXXCPP='/opt/toolchains/uclibc-crosstools-gcc-4.4.2-1/usr/bin/mips-linux-uclibc-g++ -E'
CXXDEPMODE='depmode=gcc3'
CXXFLAGS='-g -O2'
CYGPATH_W='echo'
DATE='Mon 14 February 2011'
DEFS='-DHAVE_CONFIG_H'
DEPDIR='.deps'
DOCBOOK_ROOT=''
ECHO='echo'
ECHO_C=''
ECHO_N='-n'
ECHO_T=''
EGREP='grep -E'
EXEEXT=''
EXTRA_CFLAGS_MODULE=' -DEXPECT_OK'
F77=''
FFLAGS=''
INSTALL_DATA='${INSTALL} -m 644'
INSTALL_PROGRAM='${INSTALL}'
INSTALL_SCRIPT='${INSTALL}'
INSTALL_STRIP_PROGRAM='${SHELL} $(install_sh) -c -s'
JAVA_HOMEDIR=''
KINC=''
KSRC=''
KVERS=''
LD='/opt/toolchains/uclibc-crosstools-gcc-4.4.2-1/usr/bin/mips-linux-uclibc-ld'
LDFLAGS=''
LIBERTY_LIBS='-liberty  '
LIBOBJS=''
LIBS=''
LIBTOOL='$(SHELL) $(top_builddir)/libtool'
LN_S='ln -s'
LTLIBOBJS=''
MAKEINFO='${SHELL} ./missing --run makeinfo'
MOC=''
MODINSTALLDIR=''
OBJEXT='o'
OPROFILE_DIR='./'
OPROFILE_MODULE_ARCH=''
OP_CFLAGS=' -W -Wall -fno-common -Wdeclaration-after-statement'
OP_CXXFLAGS=' -W -Wall -fno-common -ftemplate-depth-50'
OP_DOCDIR='/usr/local/share/doc/oprofile/'
PACKAGE='oprofile'
PACKAGE_BUGREPORT=''
PACKAGE_NAME=''
PACKAGE_STRING=''
PACKAGE_TARNAME=''
PACKAGE_VERSION=''
PATH_SEPARATOR=':'
POPT_LIBS='../libdep/libpopt.a'
PTRDIFF_T_TYPE='int'
QT_INCLUDES=''
QT_LDFLAGS=''
QT_LIB=''
QT_VERSION=''
RANLIB='/opt/toolchains/uclibc-crosstools-gcc-4.4.2-1/usr/bin/mips-linux-uclibc-ranlib'
SET_MAKE=''
SHELL='/bin/sh'
SIZE_T_TYPE='unsigned'
STRIP='/opt/toolchains/uclibc-crosstools-gcc-4.4.2-1/usr/bin/mips-linux-uclibc-strip'
UIC=''
VERSION='0.9.6'
XML_CATALOG=''
XSLTPROC='xsltproc'
XSLTPROC_FLAGS=''
X_CFLAGS=''
X_EXTRA_LIBS=''
X_LIBS=' -lbfd -liberty -lpopt   -lX11 '
X_PRE_LIBS=''
ac_ct_AR=''
ac_ct_CC=''
ac_ct_CXX=''
ac_ct_F77=''
ac_ct_RANLIB=''
ac_ct_STRIP=''
am__fastdepCC_FALSE='#'
am__fastdepCC_TRUE=''
am__fastdepCXX_FALSE='#'
am__fastdepCXX_TRUE=''
am__include='include'
am__leading_dot='.'
am__quote=''
am__tar='${AMTAR} chof - "$$tardir"'
am__untar='${AMTAR} xf -'
bindir='${exec_prefix}/bin'
build='i686-pc-linux-gnu'
build_alias='i686-pc-linux-gnu'
build_cpu='i686'
build_os='linux-gnu'
build_vendor='pc'
datadir='${prefix}/share'
exec_prefix='${prefix}'
have_qt_FALSE=''
have_qt_TRUE='#'
have_xsltproc_FALSE=''
have_xsltproc_TRUE='#'
host='mips-unknown-linux-gnu'
host_alias='mips-linux'
host_cpu='mips'
host_os='linux-gnu'
host_vendor='unknown'
includedir='${prefix}/include'
infodir='${prefix}/info'
install_sh='./install-sh'
kernel_support_FALSE='#'
kernel_support_TRUE=''
libdir='${exec_prefix}/lib'
libexecdir='${exec_prefix}/libexec'
localstatedir='${prefix}/var'
mandir='${prefix}/man'
mkdir_p='mkdir -p --'
oldincludedir='/usr/include'
prefix='/usr/local'
program_transform_name='s,x,x,'
sbindir='${exec_prefix}/sbin'
sharedstatedir='${prefix}/com'
sysconfdir='${prefix}/etc'
target_alias='mips-linux'
topdir='./'

## ----------- ##
## confdefs.h. ##
## ----------- ##

#define CONST_POPT 1
#define HAVE_DECL_BASENAME 1
#define HAVE_DLFCN_H 1
#define HAVE_INTTYPES_H 1
#define HAVE_LIBIBERTY 1
#define HAVE_LIBPOPT 1
#define HAVE_MEMORY_H 1
#define HAVE_SCHED_SETAFFINITY 1
#define HAVE_STDINT_H 1
#define HAVE_STDLIB_H 1
#define HAVE_STRINGS_H 1
#define HAVE_STRING_H 1
#define HAVE_SYS_STAT_H 1
#define HAVE_SYS_TYPES_H 1
#define HAVE_UNISTD_H 1
#define OP_BINDIR "/usr/local/bin/"
#define OP_DATADIR "/usr/local/share/oprofile/"
#define PACKAGE "oprofile"
#define PACKAGE_BUGREPORT ""
#define PACKAGE_NAME ""
#define PACKAGE_STRING ""
#define PACKAGE_TARNAME ""
#define PACKAGE_VERSION ""
#define STDC_HEADERS 1
#define SYNTHESIZE_SYMBOLS 0
#define TRUE_FALSE_ALREADY_DEFINED 1
#define VERSION "0.9.6"
#define X_DISPLAY_MISSING 1
#endif
#ifdef __cplusplus
extern "C" void exit (int) throw ();

configure: exit 0

## ---------------------- ##
## Running config.status. ##
## ---------------------- ##

This file was extended by config.status, which was
generated by GNU Autoconf 2.59.  Invocation command line was

  CONFIG_FILES    = 
  CONFIG_HEADERS  = 
  CONFIG_LINKS    = 
  CONFIG_COMMANDS = 
  $ ./config.status Makefile

on actiontec-H61MA-D2V

config.status:802: creating Makefile
